{"meta": {"format": 3, "version": "7.13.4", "timestamp": "2026-03-08T23:22:55.118779", "branch_coverage": false, "show_contexts": false}, "files": {"app/__init__.py": {"executed_lines": [2, 3, 4, 5, 6, 7, 8, 9, 11, 12, 13, 14, 15, 16, 19, 20, 21, 24, 25, 26, 27, 28, 29, 30, 36, 37, 38, 41, 42, 43, 44, 45, 46, 67, 68, 71, 72, 73, 76, 78, 80, 83, 84, 85, 86, 87, 88, 89, 92, 95, 96, 99, 114, 127, 144, 147, 149, 150, 153, 154, 170, 174], "summary": {"covered_lines": 62, "num_statements": 82, "percent_covered": 75.60975609756098, "percent_covered_display": "76", "missing_lines": 20, "excluded_lines": 0, "percent_statements_covered": 75.60975609756098, "percent_statements_covered_display": "76"}, "missing_lines": [22, 39, 50, 53, 56, 59, 62, 65, 66, 77, 93, 128, 129, 130, 133, 138, 139, 140, 141, 155], "excluded_lines": [], "functions": {"_configure_limiter_storage_fallback": {"executed_lines": [20, 21, 24, 25, 26, 27, 28, 29, 30], "summary": {"covered_lines": 9, "num_statements": 10, "percent_covered": 90.0, "percent_covered_display": "90", "missing_lines": 1, "excluded_lines": 0, "percent_statements_covered": 90.0, "percent_statements_covered_display": "90"}, "missing_lines": [22], "excluded_lines": [], "start_line": 19}, "_ensure_sqlite_schema_compatibility": {"executed_lines": [37, 38, 41, 42, 43, 44, 45, 46, 67, 68], "summary": {"covered_lines": 10, "num_statements": 18, "percent_covered": 55.55555555555556, "percent_covered_display": "56", "missing_lines": 8, "excluded_lines": 0, "percent_statements_covered": 55.55555555555556, "percent_statements_covered_display": "56"}, "missing_lines": [39, 50, 53, 56, 59, 62, 65, 66], "excluded_lines": [], "start_line": 36}, "create_app": {"executed_lines": [72, 73, 76, 78, 80, 83, 84, 85, 86, 87, 88, 89, 92, 95, 96, 99, 114, 127, 144, 147, 149, 150, 153, 154, 170], "summary": {"covered_lines": 25, "num_statements": 35, "percent_covered": 71.42857142857143, "percent_covered_display": "71", "missing_lines": 10, "excluded_lines": 0, "percent_statements_covered": 71.42857142857143, "percent_statements_covered_display": "71"}, "missing_lines": [77, 93, 128, 129, 130, 133, 138, 139, 140, 141], "excluded_lines": [], "start_line": 71}, "create_app.shell_context": {"executed_lines": [], "summary": {"covered_lines": 0, "num_statements": 1, "percent_covered": 0.0, "percent_covered_display": "0", "missing_lines": 1, "excluded_lines": 0, "percent_statements_covered": 0.0, "percent_statements_covered_display": "0"}, "missing_lines": [155], "excluded_lines": [], "start_line": 154}, "": {"executed_lines": [2, 3, 4, 5, 6, 7, 8, 9, 11, 12, 13, 14, 15, 16, 19, 36, 71, 174], "summary": {"covered_lines": 18, "num_statements": 18, "percent_covered": 100.0, "percent_covered_display": "100", "missing_lines": 0, "excluded_lines": 0, "percent_statements_covered": 100.0, "percent_statements_covered_display": "100"}, "missing_lines": [], "excluded_lines": [], "start_line": 1}}, "classes": {"": {"executed_lines": [2, 3, 4, 5, 6, 7, 8, 9, 11, 12, 13, 14, 15, 16, 19, 20, 21, 24, 25, 26, 27, 28, 29, 30, 36, 37, 38, 41, 42, 43, 44, 45, 46, 67, 68, 71, 72, 73, 76, 78, 80, 83, 84, 85, 86, 87, 88, 89, 92, 95, 96, 99, 114, 127, 144, 147, 149, 150, 153, 154, 170, 174], "summary": {"covered_lines": 62, "num_statements": 82, "percent_covered": 75.60975609756098, "percent_covered_display": "76", "missing_lines": 20, "excluded_lines": 0, "percent_statements_covered": 75.60975609756098, "percent_statements_covered_display": "76"}, "missing_lines": [22, 39, 50, 53, 56, 59, 62, 65, 66, 77, 93, 128, 129, 130, 133, 138, 139, 140, 141, 155], "excluded_lines": [], "start_line": 1}}}, "app/config.py": {"executed_lines": [2, 3, 5, 8, 9, 10, 11, 15, 16, 17, 18, 19, 20, 21, 22, 23, 24, 25, 26, 27, 28, 32, 33, 34, 38, 39, 42, 43, 44, 45, 46, 47, 48, 49, 50, 51, 52, 53, 54, 55, 56, 57, 58, 59, 60, 61, 62, 63, 68, 69, 77, 80, 81, 82, 83, 84, 85, 86, 87, 91, 94, 98, 99, 102, 105, 106, 107, 110, 111, 112, 115, 116, 118, 125], "summary": {"covered_lines": 74, "num_statements": 78, "percent_covered": 94.87179487179488, "percent_covered_display": "95", "missing_lines": 4, "excluded_lines": 0, "percent_statements_covered": 94.87179487179488, "percent_statements_covered_display": "95"}, "missing_lines": [119, 120, 121, 122], "excluded_lines": [], "functions": {"ProductionConfig.__init__": {"executed_lines": [], "summary": {"covered_lines": 0, "num_statements": 4, "percent_covered": 0.0, "percent_covered_display": "0", "missing_lines": 4, "excluded_lines": 0, "percent_statements_covered": 0.0, "percent_statements_covered_display": "0"}, "missing_lines": [119, 120, 121, 122], "excluded_lines": [], "start_line": 118}, "": {"executed_lines": [2, 3, 5, 8, 9, 10, 11, 15, 16, 17, 18, 19, 20, 21, 22, 23, 24, 25, 26, 27, 28, 32, 33, 34, 38, 39, 42, 43, 44, 45, 46, 47, 48, 49, 50, 51, 52, 53, 54, 55, 56, 57, 58, 59, 60, 61, 62, 63, 68, 69, 77, 80, 81, 82, 83, 84, 85, 86, 87, 91, 94, 98, 99, 102, 105, 106, 107, 110, 111, 112, 115, 116, 118, 125], "summary": {"covered_lines": 74, "num_statements": 74, "percent_covered": 100.0, "percent_covered_display": "100", "missing_lines": 0, "excluded_lines": 0, "percent_statements_covered": 100.0, "percent_statements_covered_display": "100"}, "missing_lines": [], "excluded_lines": [], "start_line": 1}}, "classes": {"Config": {"executed_lines": [], "summary": {"covered_lines": 0, "num_statements": 0, "percent_covered": 100.0, "percent_covered_display": "100", "missing_lines": 0, "excluded_lines": 0, "percent_statements_covered": 100.0, "percent_statements_covered_display": "100"}, "missing_lines": [], "excluded_lines": [], "start_line": 8}, "DevelopmentConfig": {"executed_lines": [], "summary": {"covered_lines": 0, "num_statements": 0, "percent_covered": 100.0, "percent_covered_display": "100", "missing_lines": 0, "excluded_lines": 0, "percent_statements_covered": 100.0, "percent_statements_covered_display": "100"}, "missing_lines": [], "excluded_lines": [], "start_line": 105}, "TestingConfig": {"executed_lines": [], "summary": {"covered_lines": 0, "num_statements": 0, "percent_covered": 100.0, "percent_covered_display": "100", "missing_lines": 0, "excluded_lines": 0, "percent_statements_covered": 100.0, "percent_statements_covered_display": "100"}, "missing_lines": [], "excluded_lines": [], "start_line": 110}, "ProductionConfig": {"executed_lines": [], "summary": {"covered_lines": 0, "num_statements": 4, "percent_covered": 0.0, "percent_covered_display": "0", "missing_lines": 4, "excluded_lines": 0, "percent_statements_covered": 0.0, "percent_statements_covered_display": "0"}, "missing_lines": [119, 120, 121, 122], "excluded_lines": [], "start_line": 115}, "": {"executed_lines": [2, 3, 5, 8, 9, 10, 11, 15, 16, 17, 18, 19, 20, 21, 22, 23, 24, 25, 26, 27, 28, 32, 33, 34, 38, 39, 42, 43, 44, 45, 46, 47, 48, 49, 50, 51, 52, 53, 54, 55, 56, 57, 58, 59, 60, 61, 62, 63, 68, 69, 77, 80, 81, 82, 83, 84, 85, 86, 87, 91, 94, 98, 99, 102, 105, 106, 107, 110, 111, 112, 115, 116, 118, 125], "summary": {"covered_lines": 74, "num_statements": 74, "percent_covered": 100.0, "percent_covered_display": "100", "missing_lines": 0, "excluded_lines": 0, "percent_statements_covered": 100.0, "percent_statements_covered_display": "100"}, "missing_lines": [], "excluded_lines": [], "start_line": 1}}}, "app/db_safety.py": {"executed_lines": [1, 2, 3, 4, 5, 6, 7, 10, 13, 14, 15, 16, 19, 32, 43, 44, 51, 52, 53, 54, 57, 58, 59, 62, 64, 67, 68, 69, 70, 74, 80, 84, 85, 87, 88, 89, 92, 93, 94, 97, 102, 103, 104, 106, 107, 108, 110, 111, 118, 119, 120, 122, 123, 124, 126, 127, 129, 142, 143, 144, 151, 152, 154, 157, 158, 159, 160, 184, 185], "summary": {"covered_lines": 69, "num_statements": 92, "percent_covered": 75.0, "percent_covered_display": "75", "missing_lines": 23, "excluded_lines": 0, "percent_statements_covered": 75.0, "percent_statements_covered_display": "75"}, "missing_lines": [55, 65, 81, 82, 90, 95, 125, 155, 162, 164, 165, 166, 167, 168, 169, 170, 171, 172, 173, 175, 176, 177, 179], "excluded_lines": [], "functions": {"strip_audit_integrity": {"executed_lines": [14, 15, 16], "summary": {"covered_lines": 3, "num_statements": 3, "percent_covered": 100.0, "percent_covered_display": "100", "missing_lines": 0, "excluded_lines": 0, "percent_statements_covered": 100.0, "percent_statements_covered_display": "100"}, "missing_lines": [], "excluded_lines": [], "start_line": 13}, "compute_audit_integrity_hash": {"executed_lines": [32, 43, 44], "summary": {"covered_lines": 3, "num_statements": 3, "percent_covered": 100.0, "percent_covered_display": "100", "missing_lines": 0, "excluded_lines": 0, "percent_statements_covered": 100.0, "percent_statements_covered_display": "100"}, "missing_lines": [], "excluded_lines": [], "start_line": 19}, "_enable_sqlite_foreign_keys": {"executed_lines": [53, 54, 57, 58, 59], "summary": {"covered_lines": 5, "num_statements": 6, "percent_covered": 83.33333333333333, "percent_covered_display": "83", "missing_lines": 1, "excluded_lines": 0, "percent_statements_covered": 83.33333333333333, "percent_statements_covered_display": "83"}, "missing_lines": [55], "excluded_lines": [], "start_line": 52}, "register_database_safety": {"executed_lines": [64, 67, 68, 69, 70, 74, 80, 84, 184, 185], "summary": {"covered_lines": 10, "num_statements": 13, "percent_covered": 76.92307692307692, "percent_covered_display": "77", "missing_lines": 3, "excluded_lines": 0, "percent_statements_covered": 76.92307692307692, "percent_statements_covered_display": "77"}, "missing_lines": [65, 81, 82], "excluded_lines": [], "start_line": 62}, "register_database_safety._before_flush": {"executed_lines": [85, 87, 88, 89, 92, 93, 94, 97, 102, 103, 104, 106, 107, 108, 110, 111, 118, 119, 120, 122, 123, 124, 126, 127, 129, 142, 143, 144, 151, 152, 154, 157, 158, 159, 160], "summary": {"covered_lines": 35, "num_statements": 54, "percent_covered": 64.81481481481481, "percent_covered_display": "65", "missing_lines": 19, "excluded_lines": 0, "percent_statements_covered": 64.81481481481481, "percent_statements_covered_display": "65"}, "missing_lines": [90, 95, 125, 155, 162, 164, 165, 166, 167, 168, 169, 170, 171, 172, 173, 175, 176, 177, 179], "excluded_lines": [], "start_line": 84}, "": {"executed_lines": [1, 2, 3, 4, 5, 6, 7, 10, 13, 19, 51, 52, 62], "summary": {"covered_lines": 13, "num_statements": 13, "percent_covered": 100.0, "percent_covered_display": "100", "missing_lines": 0, "excluded_lines": 0, "percent_statements_covered": 100.0, "percent_statements_covered_display": "100"}, "missing_lines": [], "excluded_lines": [], "start_line": 1}}, "classes": {"": {"executed_lines": [1, 2, 3, 4, 5, 6, 7, 10, 13, 14, 15, 16, 19, 32, 43, 44, 51, 52, 53, 54, 57, 58, 59, 62, 64, 67, 68, 69, 70, 74, 80, 84, 85, 87, 88, 89, 92, 93, 94, 97, 102, 103, 104, 106, 107, 108, 110, 111, 118, 119, 120, 122, 123, 124, 126, 127, 129, 142, 143, 144, 151, 152, 154, 157, 158, 159, 160, 184, 185], "summary": {"covered_lines": 69, "num_statements": 92, "percent_covered": 75.0, "percent_covered_display": "75", "missing_lines": 23, "excluded_lines": 0, "percent_statements_covered": 75.0, "percent_statements_covered_display": "75"}, "missing_lines": [55, 65, 81, 82, 90, 95, 125, 155, 162, 164, 165, 166, 167, 168, 169, 170, 171, 172, 173, 175, 176, 177, 179], "excluded_lines": [], "start_line": 1}}}, "app/docs/__init__.py": {"executed_lines": [], "summary": {"covered_lines": 0, "num_statements": 0, "percent_covered": 100.0, "percent_covered_display": "100", "missing_lines": 0, "excluded_lines": 0, "percent_statements_covered": 100.0, "percent_statements_covered_display": "100"}, "missing_lines": [], "excluded_lines": [], "functions": {"": {"executed_lines": [], "summary": {"covered_lines": 0, "num_statements": 0, "percent_covered": 100.0, "percent_covered_display": "100", "missing_lines": 0, "excluded_lines": 0, "percent_statements_covered": 100.0, "percent_statements_covered_display": "100"}, "missing_lines": [], "excluded_lines": [], "start_line": 1}}, "classes": {"": {"executed_lines": [], "summary": {"covered_lines": 0, "num_statements": 0, "percent_covered": 100.0, "percent_covered_display": "100", "missing_lines": 0, "excluded_lines": 0, "percent_statements_covered": 100.0, "percent_statements_covered_display": "100"}, "missing_lines": [], "excluded_lines": [], "start_line": 1}}}, "app/docs/routes.py": {"executed_lines": [], "summary": {"covered_lines": 0, "num_statements": 16, "percent_covered": 0.0, "percent_covered_display": "0", "missing_lines": 16, "excluded_lines": 0, "percent_statements_covered": 0.0, "percent_statements_covered_display": "0"}, "missing_lines": [5, 6, 7, 9, 11, 12, 14, 15, 16, 17, 18, 19, 20, 22, 23, 25], "excluded_lines": [], "functions": {"openapi_spec": {"executed_lines": [], "summary": {"covered_lines": 0, "num_statements": 7, "percent_covered": 0.0, "percent_covered_display": "0", "missing_lines": 7, "excluded_lines": 0, "percent_statements_covered": 0.0, "percent_statements_covered_display": "0"}, "missing_lines": [14, 15, 16, 17, 18, 19, 20], "excluded_lines": [], "start_line": 12}, "api_docs": {"executed_lines": [], "summary": {"covered_lines": 0, "num_statements": 1, "percent_covered": 0.0, "percent_covered_display": "0", "missing_lines": 1, "excluded_lines": 0, "percent_statements_covered": 0.0, "percent_statements_covered_display": "0"}, "missing_lines": [25], "excluded_lines": [], "start_line": 23}, "": {"executed_lines": [], "summary": {"covered_lines": 0, "num_statements": 8, "percent_covered": 0.0, "percent_covered_display": "0", "missing_lines": 8, "excluded_lines": 0, "percent_statements_covered": 0.0, "percent_statements_covered_display": "0"}, "missing_lines": [5, 6, 7, 9, 11, 12, 22, 23], "excluded_lines": [], "start_line": 1}}, "classes": {"": {"executed_lines": [], "summary": {"covered_lines": 0, "num_statements": 16, "percent_covered": 0.0, "percent_covered_display": "0", "missing_lines": 16, "excluded_lines": 0, "percent_statements_covered": 0.0, "percent_statements_covered_display": "0"}, "missing_lines": [5, 6, 7, 9, 11, 12, 14, 15, 16, 17, 18, 19, 20, 22, 23, 25], "excluded_lines": [], "start_line": 1}}}, "app/extensions.py": {"executed_lines": [2, 3, 4, 5, 6, 7, 8, 9, 11, 12, 13, 14, 17, 23, 24, 30, 31, 32, 35, 38, 39, 40, 41, 43, 44, 45, 46, 53, 54, 59, 61, 63, 75, 76, 81, 82, 84, 93, 105, 115, 124], "summary": {"covered_lines": 41, "num_statements": 96, "percent_covered": 42.708333333333336, "percent_covered_display": "43", "missing_lines": 55, "excluded_lines": 0, "percent_statements_covered": 42.708333333333336, "percent_statements_covered_display": "43"}, "missing_lines": [47, 48, 49, 50, 51, 55, 56, 57, 58, 60, 64, 65, 66, 67, 68, 69, 70, 71, 73, 77, 78, 79, 80, 85, 86, 87, 88, 89, 90, 91, 94, 95, 96, 97, 98, 99, 100, 101, 102, 103, 106, 107, 108, 109, 110, 111, 112, 113, 116, 117, 118, 119, 120, 121, 122], "excluded_lines": [], "functions": {"RedisCache.__init__": {"executed_lines": [39, 40, 41], "summary": {"covered_lines": 3, "num_statements": 3, "percent_covered": 100.0, "percent_covered_display": "100", "missing_lines": 0, "excluded_lines": 0, "percent_statements_covered": 100.0, "percent_statements_covered_display": "100"}, "missing_lines": [], "excluded_lines": [], "start_line": 38}, "RedisCache._is_expired": {"executed_lines": [44, 45, 46], "summary": {"covered_lines": 3, "num_statements": 8, "percent_covered": 37.5, "percent_covered_display": "38", "missing_lines": 5, "excluded_lines": 0, "percent_statements_covered": 37.5, "percent_statements_covered_display": "38"}, "missing_lines": [47, 48, 49, 50, 51], "excluded_lines": [], "start_line": 43}, "RedisCache.get": {"executed_lines": [54, 59, 61], "summary": {"covered_lines": 3, "num_statements": 8, "percent_covered": 37.5, "percent_covered_display": "38", "missing_lines": 5, "excluded_lines": 0, "percent_statements_covered": 37.5, "percent_statements_covered_display": "38"}, "missing_lines": [55, 56, 57, 58, 60], "excluded_lines": [], "start_line": 53}, "RedisCache.set": {"executed_lines": [], "summary": {"covered_lines": 0, "num_statements": 9, "percent_covered": 0.0, "percent_covered_display": "0", "missing_lines": 9, "excluded_lines": 0, "percent_statements_covered": 0.0, "percent_statements_covered_display": "0"}, "missing_lines": [64, 65, 66, 67, 68, 69, 70, 71, 73], "excluded_lines": [], "start_line": 63}, "RedisCache.setex": {"executed_lines": [76, 81, 82], "summary": {"covered_lines": 3, "num_statements": 7, "percent_covered": 42.857142857142854, "percent_covered_display": "43", "missing_lines": 4, "excluded_lines": 0, "percent_statements_covered": 42.857142857142854, "percent_statements_covered_display": "43"}, "missing_lines": [77, 78, 79, 80], "excluded_lines": [], "start_line": 75}, "RedisCache.delete": {"executed_lines": [], "summary": {"covered_lines": 0, "num_statements": 7, "percent_covered": 0.0, "percent_covered_display": "0", "missing_lines": 7, "excluded_lines": 0, "percent_statements_covered": 0.0, "percent_statements_covered_display": "0"}, "missing_lines": [85, 86, 87, 88, 89, 90, 91], "excluded_lines": [], "start_line": 84}, "RedisCache.sadd": {"executed_lines": [], "summary": {"covered_lines": 0, "num_statements": 10, "percent_covered": 0.0, "percent_covered_display": "0", "missing_lines": 10, "excluded_lines": 0, "percent_statements_covered": 0.0, "percent_statements_covered_display": "0"}, "missing_lines": [94, 95, 96, 97, 98, 99, 100, 101, 102, 103], "excluded_lines": [], "start_line": 93}, "RedisCache.smembers": {"executed_lines": [], "summary": {"covered_lines": 0, "num_statements": 8, "percent_covered": 0.0, "percent_covered_display": "0", "missing_lines": 8, "excluded_lines": 0, "percent_statements_covered": 0.0, "percent_statements_covered_display": "0"}, "missing_lines": [106, 107, 108, 109, 110, 111, 112, 113], "excluded_lines": [], "start_line": 105}, "RedisCache.srem": {"executed_lines": [], "summary": {"covered_lines": 0, "num_statements": 7, "percent_covered": 0.0, "percent_covered_display": "0", "missing_lines": 7, "excluded_lines": 0, "percent_statements_covered": 0.0, "percent_statements_covered_display": "0"}, "missing_lines": [116, 117, 118, 119, 120, 121, 122], "excluded_lines": [], "start_line": 115}, "": {"executed_lines": [2, 3, 4, 5, 6, 7, 8, 9, 11, 12, 13, 14, 17, 23, 24, 30, 31, 32, 35, 38, 43, 53, 63, 75, 84, 93, 105, 115, 124], "summary": {"covered_lines": 29, "num_statements": 29, "percent_covered": 100.0, "percent_covered_display": "100", "missing_lines": 0, "excluded_lines": 0, "percent_statements_covered": 100.0, "percent_statements_covered_display": "100"}, "missing_lines": [], "excluded_lines": [], "start_line": 1}}, "classes": {"RedisCache": {"executed_lines": [39, 40, 41, 44, 45, 46, 54, 59, 61, 76, 81, 82], "summary": {"covered_lines": 12, "num_statements": 67, "percent_covered": 17.91044776119403, "percent_covered_display": "18", "missing_lines": 55, "excluded_lines": 0, "percent_statements_covered": 17.91044776119403, "percent_statements_covered_display": "18"}, "missing_lines": [47, 48, 49, 50, 51, 55, 56, 57, 58, 60, 64, 65, 66, 67, 68, 69, 70, 71, 73, 77, 78, 79, 80, 85, 86, 87, 88, 89, 90, 91, 94, 95, 96, 97, 98, 99, 100, 101, 102, 103, 106, 107, 108, 109, 110, 111, 112, 113, 116, 117, 118, 119, 120, 121, 122], "excluded_lines": [], "start_line": 35}, "": {"executed_lines": [2, 3, 4, 5, 6, 7, 8, 9, 11, 12, 13, 14, 17, 23, 24, 30, 31, 32, 35, 38, 43, 53, 63, 75, 84, 93, 105, 115, 124], "summary": {"covered_lines": 29, "num_statements": 29, "percent_covered": 100.0, "percent_covered_display": "100", "missing_lines": 0, "excluded_lines": 0, "percent_statements_covered": 100.0, "percent_statements_covered_display": "100"}, "missing_lines": [], "excluded_lines": [], "start_line": 1}}}, "app/models/__init__.py": {"executed_lines": [2, 3, 4, 5, 6, 7, 8, 9, 10, 11, 12, 13, 14], "summary": {"covered_lines": 13, "num_statements": 13, "percent_covered": 100.0, "percent_covered_display": "100", "missing_lines": 0, "excluded_lines": 0, "percent_statements_covered": 100.0, "percent_statements_covered_display": "100"}, "missing_lines": [], "excluded_lines": [], "functions": {"": {"executed_lines": [2, 3, 4, 5, 6, 7, 8, 9, 10, 11, 12, 13, 14], "summary": {"covered_lines": 13, "num_statements": 13, "percent_covered": 100.0, "percent_covered_display": "100", "missing_lines": 0, "excluded_lines": 0, "percent_statements_covered": 100.0, "percent_statements_covered_display": "100"}, "missing_lines": [], "excluded_lines": [], "start_line": 1}}, "classes": {"": {"executed_lines": [2, 3, 4, 5, 6, 7, 8, 9, 10, 11, 12, 13, 14], "summary": {"covered_lines": 13, "num_statements": 13, "percent_covered": 100.0, "percent_covered_display": "100", "missing_lines": 0, "excluded_lines": 0, "percent_statements_covered": 100.0, "percent_statements_covered_display": "100"}, "missing_lines": [], "excluded_lines": [], "start_line": 1}}}, "app/models/application.py": {"executed_lines": [2, 3, 4, 6, 7, 8, 9, 10, 12, 13, 15, 16, 17, 18, 19, 20, 21, 22, 25, 27, 28], "summary": {"covered_lines": 21, "num_statements": 21, "percent_covered": 100.0, "percent_covered_display": "100", "missing_lines": 0, "excluded_lines": 0, "percent_statements_covered": 100.0, "percent_statements_covered_display": "100"}, "missing_lines": [], "excluded_lines": [], "functions": {"Application.to_dict": {"executed_lines": [28], "summary": {"covered_lines": 1, "num_statements": 1, "percent_covered": 100.0, "percent_covered_display": "100", "missing_lines": 0, "excluded_lines": 0, "percent_statements_covered": 100.0, "percent_statements_covered_display": "100"}, "missing_lines": [], "excluded_lines": [], "start_line": 27}, "": {"executed_lines": [2, 3, 4, 6, 7, 8, 9, 10, 12, 13, 15, 16, 17, 18, 19, 20, 21, 22, 25, 27], "summary": {"covered_lines": 20, "num_statements": 20, "percent_covered": 100.0, "percent_covered_display": "100", "missing_lines": 0, "excluded_lines": 0, "percent_statements_covered": 100.0, "percent_statements_covered_display": "100"}, "missing_lines": [], "excluded_lines": [], "start_line": 1}}, "classes": {"ApplicationStatus": {"executed_lines": [], "summary": {"covered_lines": 0, "num_statements": 0, "percent_covered": 100.0, "percent_covered_display": "100", "missing_lines": 0, "excluded_lines": 0, "percent_statements_covered": 100.0, "percent_statements_covered_display": "100"}, "missing_lines": [], "excluded_lines": [], "start_line": 6}, "Application": {"executed_lines": [28], "summary": {"covered_lines": 1, "num_statements": 1, "percent_covered": 100.0, "percent_covered_display": "100", "missing_lines": 0, "excluded_lines": 0, "percent_statements_covered": 100.0, "percent_statements_covered_display": "100"}, "missing_lines": [], "excluded_lines": [], "start_line": 12}, "": {"executed_lines": [2, 3, 4, 6, 7, 8, 9, 10, 12, 13, 15, 16, 17, 18, 19, 20, 21, 22, 25, 27], "summary": {"covered_lines": 20, "num_statements": 20, "percent_covered": 100.0, "percent_covered_display": "100", "missing_lines": 0, "excluded_lines": 0, "percent_statements_covered": 100.0, "percent_statements_covered_display": "100"}, "missing_lines": [], "excluded_lines": [], "start_line": 1}}}, "app/models/dispute.py": {"executed_lines": [2, 3, 4, 7, 8, 9, 10, 11, 12, 15, 16, 17, 18, 19, 20, 21, 24, 25, 27, 28, 29, 30, 32, 33, 34, 35, 37, 38, 39, 41, 42, 45, 46, 47, 48, 50, 68, 69, 71, 72, 73, 74, 75, 76, 78, 79, 81], "summary": {"covered_lines": 47, "num_statements": 49, "percent_covered": 95.91836734693878, "percent_covered_display": "96", "missing_lines": 2, "excluded_lines": 0, "percent_statements_covered": 95.91836734693878, "percent_statements_covered_display": "96"}, "missing_lines": [51, 82], "excluded_lines": [], "functions": {"Dispute.to_dict": {"executed_lines": [], "summary": {"covered_lines": 0, "num_statements": 1, "percent_covered": 0.0, "percent_covered_display": "0", "missing_lines": 1, "excluded_lines": 0, "percent_statements_covered": 0.0, "percent_statements_covered_display": "0"}, "missing_lines": [51], "excluded_lines": [], "start_line": 50}, "DisputeMessage.to_dict": {"executed_lines": [], "summary": {"covered_lines": 0, "num_statements": 1, "percent_covered": 0.0, "percent_covered_display": "0", "missing_lines": 1, "excluded_lines": 0, "percent_statements_covered": 0.0, "percent_statements_covered_display": "0"}, "missing_lines": [82], "excluded_lines": [], "start_line": 81}, "": {"executed_lines": [2, 3, 4, 7, 8, 9, 10, 11, 12, 15, 16, 17, 18, 19, 20, 21, 24, 25, 27, 28, 29, 30, 32, 33, 34, 35, 37, 38, 39, 41, 42, 45, 46, 47, 48, 50, 68, 69, 71, 72, 73, 74, 75, 76, 78, 79, 81], "summary": {"covered_lines": 47, "num_statements": 47, "percent_covered": 100.0, "percent_covered_display": "100", "missing_lines": 0, "excluded_lines": 0, "percent_statements_covered": 100.0, "percent_statements_covered_display": "100"}, "missing_lines": [], "excluded_lines": [], "start_line": 1}}, "classes": {"DisputeStatus": {"executed_lines": [], "summary": {"covered_lines": 0, "num_statements": 0, "percent_covered": 100.0, "percent_covered_display": "100", "missing_lines": 0, "excluded_lines": 0, "percent_statements_covered": 100.0, "percent_statements_covered_display": "100"}, "missing_lines": [], "excluded_lines": [], "start_line": 7}, "DisputeType": {"executed_lines": [], "summary": {"covered_lines": 0, "num_statements": 0, "percent_covered": 100.0, "percent_covered_display": "100", "missing_lines": 0, "excluded_lines": 0, "percent_statements_covered": 100.0, "percent_statements_covered_display": "100"}, "missing_lines": [], "excluded_lines": [], "start_line": 15}, "Dispute": {"executed_lines": [], "summary": {"covered_lines": 0, "num_statements": 1, "percent_covered": 0.0, "percent_covered_display": "0", "missing_lines": 1, "excluded_lines": 0, "percent_statements_covered": 0.0, "percent_statements_covered_display": "0"}, "missing_lines": [51], "excluded_lines": [], "start_line": 24}, "DisputeMessage": {"executed_lines": [], "summary": {"covered_lines": 0, "num_statements": 1, "percent_covered": 0.0, "percent_covered_display": "0", "missing_lines": 1, "excluded_lines": 0, "percent_statements_covered": 0.0, "percent_statements_covered_display": "0"}, "missing_lines": [82], "excluded_lines": [], "start_line": 68}, "": {"executed_lines": [2, 3, 4, 7, 8, 9, 10, 11, 12, 15, 16, 17, 18, 19, 20, 21, 24, 25, 27, 28, 29, 30, 32, 33, 34, 35, 37, 38, 39, 41, 42, 45, 46, 47, 48, 50, 68, 69, 71, 72, 73, 74, 75, 76, 78, 79, 81], "summary": {"covered_lines": 47, "num_statements": 47, "percent_covered": 100.0, "percent_covered_display": "100", "missing_lines": 0, "excluded_lines": 0, "percent_statements_covered": 100.0, "percent_statements_covered_display": "100"}, "missing_lines": [], "excluded_lines": [], "start_line": 1}}}, "app/models/employer.py": {"executed_lines": [1, 2, 5, 6, 8, 9, 12, 13, 14, 15, 16, 17, 18, 19, 20, 21, 26, 27, 28, 29, 30, 31, 32, 35, 36, 44, 52, 61, 68, 69], "summary": {"covered_lines": 30, "num_statements": 30, "percent_covered": 100.0, "percent_covered_display": "100", "missing_lines": 0, "excluded_lines": 0, "percent_statements_covered": 100.0, "percent_statements_covered_display": "100"}, "missing_lines": [], "excluded_lines": [], "functions": {"Employer.to_dict": {"executed_lines": [69], "summary": {"covered_lines": 1, "num_statements": 1, "percent_covered": 100.0, "percent_covered_display": "100", "missing_lines": 0, "excluded_lines": 0, "percent_statements_covered": 100.0, "percent_statements_covered_display": "100"}, "missing_lines": [], "excluded_lines": [], "start_line": 68}, "": {"executed_lines": [1, 2, 5, 6, 8, 9, 12, 13, 14, 15, 16, 17, 18, 19, 20, 21, 26, 27, 28, 29, 30, 31, 32, 35, 36, 44, 52, 61, 68], "summary": {"covered_lines": 29, "num_statements": 29, "percent_covered": 100.0, "percent_covered_display": "100", "missing_lines": 0, "excluded_lines": 0, "percent_statements_covered": 100.0, "percent_statements_covered_display": "100"}, "missing_lines": [], "excluded_lines": [], "start_line": 1}}, "classes": {"Employer": {"executed_lines": [69], "summary": {"covered_lines": 1, "num_statements": 1, "percent_covered": 100.0, "percent_covered_display": "100", "missing_lines": 0, "excluded_lines": 0, "percent_statements_covered": 100.0, "percent_statements_covered_display": "100"}, "missing_lines": [], "excluded_lines": [], "start_line": 5}, "": {"executed_lines": [1, 2, 5, 6, 8, 9, 12, 13, 14, 15, 16, 17, 18, 19, 20, 21, 26, 27, 28, 29, 30, 31, 32, 35, 36, 44, 52, 61, 68], "summary": {"covered_lines": 29, "num_statements": 29, "percent_covered": 100.0, "percent_covered_display": "100", "missing_lines": 0, "excluded_lines": 0, "percent_statements_covered": 100.0, "percent_statements_covered_display": "100"}, "missing_lines": [], "excluded_lines": [], "start_line": 1}}}, "app/models/job.py": {"executed_lines": [1, 2, 3, 6, 7, 8, 9, 10, 11, 14, 15, 17, 18, 19, 20, 21, 24, 25, 26, 27, 28, 29, 30, 31, 32, 33, 38, 39, 40, 41, 42, 43, 46, 49, 51, 52], "summary": {"covered_lines": 36, "num_statements": 36, "percent_covered": 100.0, "percent_covered_display": "100", "missing_lines": 0, "excluded_lines": 0, "percent_statements_covered": 100.0, "percent_statements_covered_display": "100"}, "missing_lines": [], "excluded_lines": [], "functions": {"Job.to_dict": {"executed_lines": [52], "summary": {"covered_lines": 1, "num_statements": 1, "percent_covered": 100.0, "percent_covered_display": "100", "missing_lines": 0, "excluded_lines": 0, "percent_statements_covered": 100.0, "percent_statements_covered_display": "100"}, "missing_lines": [], "excluded_lines": [], "start_line": 51}, "": {"executed_lines": [1, 2, 3, 6, 7, 8, 9, 10, 11, 14, 15, 17, 18, 19, 20, 21, 24, 25, 26, 27, 28, 29, 30, 31, 32, 33, 38, 39, 40, 41, 42, 43, 46, 49, 51], "summary": {"covered_lines": 35, "num_statements": 35, "percent_covered": 100.0, "percent_covered_display": "100", "missing_lines": 0, "excluded_lines": 0, "percent_statements_covered": 100.0, "percent_statements_covered_display": "100"}, "missing_lines": [], "excluded_lines": [], "start_line": 1}}, "classes": {"JobStatus": {"executed_lines": [], "summary": {"covered_lines": 0, "num_statements": 0, "percent_covered": 100.0, "percent_covered_display": "100", "missing_lines": 0, "excluded_lines": 0, "percent_statements_covered": 100.0, "percent_statements_covered_display": "100"}, "missing_lines": [], "excluded_lines": [], "start_line": 6}, "Job": {"executed_lines": [52], "summary": {"covered_lines": 1, "num_statements": 1, "percent_covered": 100.0, "percent_covered_display": "100", "missing_lines": 0, "excluded_lines": 0, "percent_statements_covered": 100.0, "percent_statements_covered_display": "100"}, "missing_lines": [], "excluded_lines": [], "start_line": 14}, "": {"executed_lines": [1, 2, 3, 6, 7, 8, 9, 10, 11, 14, 15, 17, 18, 19, 20, 21, 24, 25, 26, 27, 28, 29, 30, 31, 32, 33, 38, 39, 40, 41, 42, 43, 46, 49, 51], "summary": {"covered_lines": 35, "num_statements": 35, "percent_covered": 100.0, "percent_covered_display": "100", "missing_lines": 0, "excluded_lines": 0, "percent_statements_covered": 100.0, "percent_statements_covered_display": "100"}, "missing_lines": [], "excluded_lines": [], "start_line": 1}}}, "app/models/login_log.py": {"executed_lines": [2, 3, 6, 7, 9, 10, 11, 12, 13, 14, 16, 18, 29, 31, 33, 38, 39, 40, 41, 42, 43, 44, 45, 46, 48, 50], "summary": {"covered_lines": 26, "num_statements": 28, "percent_covered": 92.85714285714286, "percent_covered_display": "93", "missing_lines": 2, "excluded_lines": 0, "percent_statements_covered": 92.85714285714286, "percent_statements_covered_display": "93"}, "missing_lines": [19, 51], "excluded_lines": [], "functions": {"LoginLog.to_dict": {"executed_lines": [], "summary": {"covered_lines": 0, "num_statements": 1, "percent_covered": 0.0, "percent_covered_display": "0", "missing_lines": 1, "excluded_lines": 0, "percent_statements_covered": 0.0, "percent_statements_covered_display": "0"}, "missing_lines": [19], "excluded_lines": [], "start_line": 18}, "AuditLog.to_dict": {"executed_lines": [], "summary": {"covered_lines": 0, "num_statements": 1, "percent_covered": 0.0, "percent_covered_display": "0", "missing_lines": 1, "excluded_lines": 0, "percent_statements_covered": 0.0, "percent_statements_covered_display": "0"}, "missing_lines": [51], "excluded_lines": [], "start_line": 50}, "": {"executed_lines": [2, 3, 6, 7, 9, 10, 11, 12, 13, 14, 16, 18, 29, 31, 33, 38, 39, 40, 41, 42, 43, 44, 45, 46, 48, 50], "summary": {"covered_lines": 26, "num_statements": 26, "percent_covered": 100.0, "percent_covered_display": "100", "missing_lines": 0, "excluded_lines": 0, "percent_statements_covered": 100.0, "percent_statements_covered_display": "100"}, "missing_lines": [], "excluded_lines": [], "start_line": 1}}, "classes": {"LoginLog": {"executed_lines": [], "summary": {"covered_lines": 0, "num_statements": 1, "percent_covered": 0.0, "percent_covered_display": "0", "missing_lines": 1, "excluded_lines": 0, "percent_statements_covered": 0.0, "percent_statements_covered_display": "0"}, "missing_lines": [19], "excluded_lines": [], "start_line": 6}, "AuditLog": {"executed_lines": [], "summary": {"covered_lines": 0, "num_statements": 1, "percent_covered": 0.0, "percent_covered_display": "0", "missing_lines": 1, "excluded_lines": 0, "percent_statements_covered": 0.0, "percent_statements_covered_display": "0"}, "missing_lines": [51], "excluded_lines": [], "start_line": 29}, "": {"executed_lines": [2, 3, 6, 7, 9, 10, 11, 12, 13, 14, 16, 18, 29, 31, 33, 38, 39, 40, 41, 42, 43, 44, 45, 46, 48, 50], "summary": {"covered_lines": 26, "num_statements": 26, "percent_covered": 100.0, "percent_covered_display": "100", "missing_lines": 0, "excluded_lines": 0, "percent_statements_covered": 100.0, "percent_statements_covered_display": "100"}, "missing_lines": [], "excluded_lines": [], "start_line": 1}}}, "app/models/message.py": {"executed_lines": [1, 2, 4, 5, 7, 8, 11, 12, 13, 14, 15, 18, 27, 37, 38], "summary": {"covered_lines": 15, "num_statements": 15, "percent_covered": 100.0, "percent_covered_display": "100", "missing_lines": 0, "excluded_lines": 0, "percent_statements_covered": 100.0, "percent_statements_covered_display": "100"}, "missing_lines": [], "excluded_lines": [], "functions": {"Message.to_dict": {"executed_lines": [38], "summary": {"covered_lines": 1, "num_statements": 1, "percent_covered": 100.0, "percent_covered_display": "100", "missing_lines": 0, "excluded_lines": 0, "percent_statements_covered": 100.0, "percent_statements_covered_display": "100"}, "missing_lines": [], "excluded_lines": [], "start_line": 37}, "": {"executed_lines": [1, 2, 4, 5, 7, 8, 11, 12, 13, 14, 15, 18, 27, 37], "summary": {"covered_lines": 14, "num_statements": 14, "percent_covered": 100.0, "percent_covered_display": "100", "missing_lines": 0, "excluded_lines": 0, "percent_statements_covered": 100.0, "percent_statements_covered_display": "100"}, "missing_lines": [], "excluded_lines": [], "start_line": 1}}, "classes": {"Message": {"executed_lines": [38], "summary": {"covered_lines": 1, "num_statements": 1, "percent_covered": 100.0, "percent_covered_display": "100", "missing_lines": 0, "excluded_lines": 0, "percent_statements_covered": 100.0, "percent_statements_covered_display": "100"}, "missing_lines": [], "excluded_lines": [], "start_line": 4}, "": {"executed_lines": [1, 2, 4, 5, 7, 8, 11, 12, 13, 14, 15, 18, 27, 37], "summary": {"covered_lines": 14, "num_statements": 14, "percent_covered": 100.0, "percent_covered_display": "100", "missing_lines": 0, "excluded_lines": 0, "percent_statements_covered": 100.0, "percent_statements_covered_display": "100"}, "missing_lines": [], "excluded_lines": [], "start_line": 1}}}, "app/models/payment.py": {"executed_lines": [2, 3, 4, 7, 8, 9, 10, 11, 12, 15, 16, 18, 19, 20, 21, 22, 25, 26, 27, 28, 31, 32, 33, 36, 37, 40, 41, 42, 44, 45, 47, 48, 72], "summary": {"covered_lines": 33, "num_statements": 33, "percent_covered": 100.0, "percent_covered_display": "100", "missing_lines": 0, "excluded_lines": 0, "percent_statements_covered": 100.0, "percent_statements_covered_display": "100"}, "missing_lines": [], "excluded_lines": [], "functions": {"Payment.to_dict": {"executed_lines": [48], "summary": {"covered_lines": 1, "num_statements": 1, "percent_covered": 100.0, "percent_covered_display": "100", "missing_lines": 0, "excluded_lines": 0, "percent_statements_covered": 100.0, "percent_statements_covered_display": "100"}, "missing_lines": [], "excluded_lines": [], "start_line": 47}, "": {"executed_lines": [2, 3, 4, 7, 8, 9, 10, 11, 12, 15, 16, 18, 19, 20, 21, 22, 25, 26, 27, 28, 31, 32, 33, 36, 37, 40, 41, 42, 44, 45, 47, 72], "summary": {"covered_lines": 32, "num_statements": 32, "percent_covered": 100.0, "percent_covered_display": "100", "missing_lines": 0, "excluded_lines": 0, "percent_statements_covered": 100.0, "percent_statements_covered_display": "100"}, "missing_lines": [], "excluded_lines": [], "start_line": 1}}, "classes": {"PaymentStatus": {"executed_lines": [], "summary": {"covered_lines": 0, "num_statements": 0, "percent_covered": 100.0, "percent_covered_display": "100", "missing_lines": 0, "excluded_lines": 0, "percent_statements_covered": 100.0, "percent_statements_covered_display": "100"}, "missing_lines": [], "excluded_lines": [], "start_line": 7}, "Payment": {"executed_lines": [48], "summary": {"covered_lines": 1, "num_statements": 1, "percent_covered": 100.0, "percent_covered_display": "100", "missing_lines": 0, "excluded_lines": 0, "percent_statements_covered": 100.0, "percent_statements_covered_display": "100"}, "missing_lines": [], "excluded_lines": [], "start_line": 15}, "": {"executed_lines": [2, 3, 4, 7, 8, 9, 10, 11, 12, 15, 16, 18, 19, 20, 21, 22, 25, 26, 27, 28, 31, 32, 33, 36, 37, 40, 41, 42, 44, 45, 47, 72], "summary": {"covered_lines": 32, "num_statements": 32, "percent_covered": 100.0, "percent_covered_display": "100", "missing_lines": 0, "excluded_lines": 0, "percent_statements_covered": 100.0, "percent_statements_covered_display": "100"}, "missing_lines": [], "excluded_lines": [], "start_line": 1}}}, "app/models/review.py": {"executed_lines": [1, 2, 5, 6, 8, 9, 10, 11, 12, 13, 14, 15, 20, 22], "summary": {"covered_lines": 14, "num_statements": 15, "percent_covered": 93.33333333333333, "percent_covered_display": "93", "missing_lines": 1, "excluded_lines": 0, "percent_statements_covered": 93.33333333333333, "percent_statements_covered_display": "93"}, "missing_lines": [23], "excluded_lines": [], "functions": {"Review.to_dict": {"executed_lines": [], "summary": {"covered_lines": 0, "num_statements": 1, "percent_covered": 0.0, "percent_covered_display": "0", "missing_lines": 1, "excluded_lines": 0, "percent_statements_covered": 0.0, "percent_statements_covered_display": "0"}, "missing_lines": [23], "excluded_lines": [], "start_line": 22}, "": {"executed_lines": [1, 2, 5, 6, 8, 9, 10, 11, 12, 13, 14, 15, 20, 22], "summary": {"covered_lines": 14, "num_statements": 14, "percent_covered": 100.0, "percent_covered_display": "100", "missing_lines": 0, "excluded_lines": 0, "percent_statements_covered": 100.0, "percent_statements_covered_display": "100"}, "missing_lines": [], "excluded_lines": [], "start_line": 1}}, "classes": {"Review": {"executed_lines": [], "summary": {"covered_lines": 0, "num_statements": 1, "percent_covered": 0.0, "percent_covered_display": "0", "missing_lines": 1, "excluded_lines": 0, "percent_statements_covered": 0.0, "percent_statements_covered_display": "0"}, "missing_lines": [23], "excluded_lines": [], "start_line": 5}, "": {"executed_lines": [1, 2, 5, 6, 8, 9, 10, 11, 12, 13, 14, 15, 20, 22], "summary": {"covered_lines": 14, "num_statements": 14, "percent_covered": 100.0, "percent_covered_display": "100", "missing_lines": 0, "excluded_lines": 0, "percent_statements_covered": 100.0, "percent_statements_covered_display": "100"}, "missing_lines": [], "excluded_lines": [], "start_line": 1}}}, "app/models/skill.py": {"executed_lines": [1, 4, 5, 7, 8, 9, 14, 17, 21, 22], "summary": {"covered_lines": 10, "num_statements": 10, "percent_covered": 100.0, "percent_covered_display": "100", "missing_lines": 0, "excluded_lines": 0, "percent_statements_covered": 100.0, "percent_statements_covered_display": "100"}, "missing_lines": [], "excluded_lines": [], "functions": {"Skill.to_dict": {"executed_lines": [22], "summary": {"covered_lines": 1, "num_statements": 1, "percent_covered": 100.0, "percent_covered_display": "100", "missing_lines": 0, "excluded_lines": 0, "percent_statements_covered": 100.0, "percent_statements_covered_display": "100"}, "missing_lines": [], "excluded_lines": [], "start_line": 21}, "": {"executed_lines": [1, 4, 5, 7, 8, 9, 14, 17, 21], "summary": {"covered_lines": 9, "num_statements": 9, "percent_covered": 100.0, "percent_covered_display": "100", "missing_lines": 0, "excluded_lines": 0, "percent_statements_covered": 100.0, "percent_statements_covered_display": "100"}, "missing_lines": [], "excluded_lines": [], "start_line": 1}}, "classes": {"Skill": {"executed_lines": [22], "summary": {"covered_lines": 1, "num_statements": 1, "percent_covered": 100.0, "percent_covered_display": "100", "missing_lines": 0, "excluded_lines": 0, "percent_statements_covered": 100.0, "percent_statements_covered_display": "100"}, "missing_lines": [], "excluded_lines": [], "start_line": 4}, "": {"executed_lines": [1, 4, 5, 7, 8, 9, 14, 17, 21], "summary": {"covered_lines": 9, "num_statements": 9, "percent_covered": 100.0, "percent_covered_display": "100", "missing_lines": 0, "excluded_lines": 0, "percent_statements_covered": 100.0, "percent_statements_covered_display": "100"}, "missing_lines": [], "excluded_lines": [], "start_line": 1}}}, "app/models/user.py": {"executed_lines": [1, 2, 3, 4, 7, 8, 9, 10, 13, 14, 15, 16, 17, 20, 21, 23, 24, 25, 26, 27, 30, 32, 33, 34, 35, 36, 41, 42, 43, 44, 47, 48, 51, 54, 58, 59, 61, 62, 64, 65, 81, 84], "summary": {"covered_lines": 42, "num_statements": 43, "percent_covered": 97.67441860465117, "percent_covered_display": "98", "missing_lines": 1, "excluded_lines": 0, "percent_statements_covered": 97.67441860465117, "percent_statements_covered_display": "98"}, "missing_lines": [82], "excluded_lines": [], "functions": {"User.set_password": {"executed_lines": [59], "summary": {"covered_lines": 1, "num_statements": 1, "percent_covered": 100.0, "percent_covered_display": "100", "missing_lines": 0, "excluded_lines": 0, "percent_statements_covered": 100.0, "percent_statements_covered_display": "100"}, "missing_lines": [], "excluded_lines": [], "start_line": 58}, "User.check_password": {"executed_lines": [62], "summary": {"covered_lines": 1, "num_statements": 1, "percent_covered": 100.0, "percent_covered_display": "100", "missing_lines": 0, "excluded_lines": 0, "percent_statements_covered": 100.0, "percent_statements_covered_display": "100"}, "missing_lines": [], "excluded_lines": [], "start_line": 61}, "User.to_dict": {"executed_lines": [65, 81, 84], "summary": {"covered_lines": 3, "num_statements": 4, "percent_covered": 75.0, "percent_covered_display": "75", "missing_lines": 1, "excluded_lines": 0, "percent_statements_covered": 75.0, "percent_statements_covered_display": "75"}, "missing_lines": [82], "excluded_lines": [], "start_line": 64}, "": {"executed_lines": [1, 2, 3, 4, 7, 8, 9, 10, 13, 14, 15, 16, 17, 20, 21, 23, 24, 25, 26, 27, 30, 32, 33, 34, 35, 36, 41, 42, 43, 44, 47, 48, 51, 54, 58, 61, 64], "summary": {"covered_lines": 37, "num_statements": 37, "percent_covered": 100.0, "percent_covered_display": "100", "missing_lines": 0, "excluded_lines": 0, "percent_statements_covered": 100.0, "percent_statements_covered_display": "100"}, "missing_lines": [], "excluded_lines": [], "start_line": 1}}, "classes": {"UserRole": {"executed_lines": [], "summary": {"covered_lines": 0, "num_statements": 0, "percent_covered": 100.0, "percent_covered_display": "100", "missing_lines": 0, "excluded_lines": 0, "percent_statements_covered": 100.0, "percent_statements_covered_display": "100"}, "missing_lines": [], "excluded_lines": [], "start_line": 7}, "AdminRole": {"executed_lines": [], "summary": {"covered_lines": 0, "num_statements": 0, "percent_covered": 100.0, "percent_covered_display": "100", "missing_lines": 0, "excluded_lines": 0, "percent_statements_covered": 100.0, "percent_statements_covered_display": "100"}, "missing_lines": [], "excluded_lines": [], "start_line": 13}, "User": {"executed_lines": [59, 62, 65, 81, 84], "summary": {"covered_lines": 5, "num_statements": 6, "percent_covered": 83.33333333333333, "percent_covered_display": "83", "missing_lines": 1, "excluded_lines": 0, "percent_statements_covered": 83.33333333333333, "percent_statements_covered_display": "83"}, "missing_lines": [82], "excluded_lines": [], "start_line": 20}, "": {"executed_lines": [1, 2, 3, 4, 7, 8, 9, 10, 13, 14, 15, 16, 17, 20, 21, 23, 24, 25, 26, 27, 30, 32, 33, 34, 35, 36, 41, 42, 43, 44, 47, 48, 51, 54, 58, 61, 64], "summary": {"covered_lines": 37, "num_statements": 37, "percent_covered": 100.0, "percent_covered_display": "100", "missing_lines": 0, "excluded_lines": 0, "percent_statements_covered": 100.0, "percent_statements_covered_display": "100"}, "missing_lines": [], "excluded_lines": [], "start_line": 1}}}, "app/models/verification.py": {"executed_lines": [2, 3, 4, 6, 7, 8, 9, 11, 12, 14, 15, 16, 17, 18, 19, 20, 22, 23, 24, 25, 27, 28, 29, 35, 41, 42, 43, 45, 46, 50, 51, 53, 54, 55, 56, 57, 58, 59, 60, 61, 63, 64, 77], "summary": {"covered_lines": 43, "num_statements": 43, "percent_covered": 100.0, "percent_covered_display": "100", "missing_lines": 0, "excluded_lines": 0, "percent_statements_covered": 100.0, "percent_statements_covered_display": "100"}, "missing_lines": [], "excluded_lines": [], "functions": {"VerificationCode.generate_code": {"executed_lines": [24, 25], "summary": {"covered_lines": 2, "num_statements": 2, "percent_covered": 100.0, "percent_covered_display": "100", "missing_lines": 0, "excluded_lines": 0, "percent_statements_covered": 100.0, "percent_statements_covered_display": "100"}, "missing_lines": [], "excluded_lines": [], "start_line": 23}, "VerificationCode.create_verification": {"executed_lines": [29, 35, 41, 42, 43], "summary": {"covered_lines": 5, "num_statements": 5, "percent_covered": 100.0, "percent_covered_display": "100", "missing_lines": 0, "excluded_lines": 0, "percent_statements_covered": 100.0, "percent_statements_covered_display": "100"}, "missing_lines": [], "excluded_lines": [], "start_line": 28}, "VerificationCode.is_valid": {"executed_lines": [46], "summary": {"covered_lines": 1, "num_statements": 1, "percent_covered": 100.0, "percent_covered_display": "100", "missing_lines": 0, "excluded_lines": 0, "percent_statements_covered": 100.0, "percent_statements_covered_display": "100"}, "missing_lines": [], "excluded_lines": [], "start_line": 45}, "DocumentVerification.to_dict": {"executed_lines": [64], "summary": {"covered_lines": 1, "num_statements": 1, "percent_covered": 100.0, "percent_covered_display": "100", "missing_lines": 0, "excluded_lines": 0, "percent_statements_covered": 100.0, "percent_statements_covered_display": "100"}, "missing_lines": [], "excluded_lines": [], "start_line": 63}, "": {"executed_lines": [2, 3, 4, 6, 7, 8, 9, 11, 12, 14, 15, 16, 17, 18, 19, 20, 22, 23, 27, 28, 45, 50, 51, 53, 54, 55, 56, 57, 58, 59, 60, 61, 63, 77], "summary": {"covered_lines": 34, "num_statements": 34, "percent_covered": 100.0, "percent_covered_display": "100", "missing_lines": 0, "excluded_lines": 0, "percent_statements_covered": 100.0, "percent_statements_covered_display": "100"}, "missing_lines": [], "excluded_lines": [], "start_line": 1}}, "classes": {"VerificationStatus": {"executed_lines": [], "summary": {"covered_lines": 0, "num_statements": 0, "percent_covered": 100.0, "percent_covered_display": "100", "missing_lines": 0, "excluded_lines": 0, "percent_statements_covered": 100.0, "percent_statements_covered_display": "100"}, "missing_lines": [], "excluded_lines": [], "start_line": 6}, "VerificationCode": {"executed_lines": [24, 25, 29, 35, 41, 42, 43, 46], "summary": {"covered_lines": 8, "num_statements": 8, "percent_covered": 100.0, "percent_covered_display": "100", "missing_lines": 0, "excluded_lines": 0, "percent_statements_covered": 100.0, "percent_statements_covered_display": "100"}, "missing_lines": [], "excluded_lines": [], "start_line": 11}, "DocumentVerification": {"executed_lines": [64], "summary": {"covered_lines": 1, "num_statements": 1, "percent_covered": 100.0, "percent_covered_display": "100", "missing_lines": 0, "excluded_lines": 0, "percent_statements_covered": 100.0, "percent_statements_covered_display": "100"}, "missing_lines": [], "excluded_lines": [], "start_line": 50}, "": {"executed_lines": [2, 3, 4, 6, 7, 8, 9, 11, 12, 14, 15, 16, 17, 18, 19, 20, 22, 23, 27, 28, 45, 50, 51, 53, 54, 55, 56, 57, 58, 59, 60, 61, 63, 77], "summary": {"covered_lines": 34, "num_statements": 34, "percent_covered": 100.0, "percent_covered_display": "100", "missing_lines": 0, "excluded_lines": 0, "percent_statements_covered": 100.0, "percent_statements_covered_display": "100"}, "missing_lines": [], "excluded_lines": [], "start_line": 1}}}, "app/models/worker.py": {"executed_lines": [1, 2, 5, 6, 8, 9, 12, 13, 14, 15, 16, 17, 18, 19, 20, 21, 22, 23, 24, 25, 30, 31, 32, 33, 34, 35, 36, 37, 38, 39, 40, 41, 42, 43, 44, 45, 46, 49, 52, 55, 61, 69, 77, 80, 87, 88], "summary": {"covered_lines": 46, "num_statements": 46, "percent_covered": 100.0, "percent_covered_display": "100", "missing_lines": 0, "excluded_lines": 0, "percent_statements_covered": 100.0, "percent_statements_covered_display": "100"}, "missing_lines": [], "excluded_lines": [], "functions": {"Worker.to_dict": {"executed_lines": [88], "summary": {"covered_lines": 1, "num_statements": 1, "percent_covered": 100.0, "percent_covered_display": "100", "missing_lines": 0, "excluded_lines": 0, "percent_statements_covered": 100.0, "percent_statements_covered_display": "100"}, "missing_lines": [], "excluded_lines": [], "start_line": 87}, "": {"executed_lines": [1, 2, 5, 6, 8, 9, 12, 13, 14, 15, 16, 17, 18, 19, 20, 21, 22, 23, 24, 25, 30, 31, 32, 33, 34, 35, 36, 37, 38, 39, 40, 41, 42, 43, 44, 45, 46, 49, 52, 55, 61, 69, 77, 80, 87], "summary": {"covered_lines": 45, "num_statements": 45, "percent_covered": 100.0, "percent_covered_display": "100", "missing_lines": 0, "excluded_lines": 0, "percent_statements_covered": 100.0, "percent_statements_covered_display": "100"}, "missing_lines": [], "excluded_lines": [], "start_line": 1}}, "classes": {"Worker": {"executed_lines": [88], "summary": {"covered_lines": 1, "num_statements": 1, "percent_covered": 100.0, "percent_covered_display": "100", "missing_lines": 0, "excluded_lines": 0, "percent_statements_covered": 100.0, "percent_statements_covered_display": "100"}, "missing_lines": [], "excluded_lines": [], "start_line": 5}, "": {"executed_lines": [1, 2, 5, 6, 8, 9, 12, 13, 14, 15, 16, 17, 18, 19, 20, 21, 22, 23, 24, 25, 30, 31, 32, 33, 34, 35, 36, 37, 38, 39, 40, 41, 42, 43, 44, 45, 46, 49, 52, 55, 61, 69, 77, 80, 87], "summary": {"covered_lines": 45, "num_statements": 45, "percent_covered": 100.0, "percent_covered_display": "100", "missing_lines": 0, "excluded_lines": 0, "percent_statements_covered": 100.0, "percent_statements_covered_display": "100"}, "missing_lines": [], "excluded_lines": [], "start_line": 1}}}, "app/models/worker_skill.py": {"executed_lines": [1, 4, 5, 7, 8, 9, 10, 13, 17, 18], "summary": {"covered_lines": 10, "num_statements": 10, "percent_covered": 100.0, "percent_covered_display": "100", "missing_lines": 0, "excluded_lines": 0, "percent_statements_covered": 100.0, "percent_statements_covered_display": "100"}, "missing_lines": [], "excluded_lines": [], "functions": {"WorkerSkill.to_dict": {"executed_lines": [18], "summary": {"covered_lines": 1, "num_statements": 1, "percent_covered": 100.0, "percent_covered_display": "100", "missing_lines": 0, "excluded_lines": 0, "percent_statements_covered": 100.0, "percent_statements_covered_display": "100"}, "missing_lines": [], "excluded_lines": [], "start_line": 17}, "": {"executed_lines": [1, 4, 5, 7, 8, 9, 10, 13, 17], "summary": {"covered_lines": 9, "num_statements": 9, "percent_covered": 100.0, "percent_covered_display": "100", "missing_lines": 0, "excluded_lines": 0, "percent_statements_covered": 100.0, "percent_statements_covered_display": "100"}, "missing_lines": [], "excluded_lines": [], "start_line": 1}}, "classes": {"WorkerSkill": {"executed_lines": [18], "summary": {"covered_lines": 1, "num_statements": 1, "percent_covered": 100.0, "percent_covered_display": "100", "missing_lines": 0, "excluded_lines": 0, "percent_statements_covered": 100.0, "percent_statements_covered_display": "100"}, "missing_lines": [], "excluded_lines": [], "start_line": 4}, "": {"executed_lines": [1, 4, 5, 7, 8, 9, 10, 13, 17], "summary": {"covered_lines": 9, "num_statements": 9, "percent_covered": 100.0, "percent_covered_display": "100", "missing_lines": 0, "excluded_lines": 0, "percent_statements_covered": 100.0, "percent_statements_covered_display": "100"}, "missing_lines": [], "excluded_lines": [], "start_line": 1}}}, "app/routes/__init__.py": {"executed_lines": [2, 3, 4, 5, 6, 7, 8, 9, 10, 11, 12, 13, 14, 15, 16, 17, 18, 19, 20, 21, 22, 23, 24, 25, 28, 29, 30, 31, 32, 33, 34, 35, 36, 37, 38, 39, 40, 41, 42, 43, 44, 45, 46, 47, 48, 49, 50, 51, 52], "summary": {"covered_lines": 49, "num_statements": 49, "percent_covered": 100.0, "percent_covered_display": "100", "missing_lines": 0, "excluded_lines": 0, "percent_statements_covered": 100.0, "percent_statements_covered_display": "100"}, "missing_lines": [], "excluded_lines": [], "functions": {"register_blueprints": {"executed_lines": [29, 30, 31, 32, 33, 34, 35, 36, 37, 38, 39, 40, 41, 42, 43, 44, 45, 46, 47, 48, 49, 50, 51, 52], "summary": {"covered_lines": 24, "num_statements": 24, "percent_covered": 100.0, "percent_covered_display": "100", "missing_lines": 0, "excluded_lines": 0, "percent_statements_covered": 100.0, "percent_statements_covered_display": "100"}, "missing_lines": [], "excluded_lines": [], "start_line": 28}, "": {"executed_lines": [2, 3, 4, 5, 6, 7, 8, 9, 10, 11, 12, 13, 14, 15, 16, 17, 18, 19, 20, 21, 22, 23, 24, 25, 28], "summary": {"covered_lines": 25, "num_statements": 25, "percent_covered": 100.0, "percent_covered_display": "100", "missing_lines": 0, "excluded_lines": 0, "percent_statements_covered": 100.0, "percent_statements_covered_display": "100"}, "missing_lines": [], "excluded_lines": [], "start_line": 1}}, "classes": {"": {"executed_lines": [2, 3, 4, 5, 6, 7, 8, 9, 10, 11, 12, 13, 14, 15, 16, 17, 18, 19, 20, 21, 22, 23, 24, 25, 28, 29, 30, 31, 32, 33, 34, 35, 36, 37, 38, 39, 40, 41, 42, 43, 44, 45, 46, 47, 48, 49, 50, 51, 52], "summary": {"covered_lines": 49, "num_statements": 49, "percent_covered": 100.0, "percent_covered_display": "100", "missing_lines": 0, "excluded_lines": 0, "percent_statements_covered": 100.0, "percent_statements_covered_display": "100"}, "missing_lines": [], "excluded_lines": [], "start_line": 1}}}, "app/routes/admin.py": {"executed_lines": [2, 3, 4, 5, 6, 7, 8, 9, 10, 11, 12, 13, 14, 15, 16, 17, 18, 22, 23, 24, 25, 26, 27, 28, 30, 33, 52, 66, 69, 77, 84, 88, 98, 108, 118, 136, 149, 155, 172, 195, 212, 224, 244, 267, 279, 297, 320, 336, 341, 346, 353, 395, 411, 416, 420, 424, 429, 440, 459, 510, 525, 533, 547, 583, 592, 598, 604, 660, 668, 677, 690, 698, 713, 723, 736, 770, 788, 809, 810, 811, 812, 906, 907, 908, 909, 972, 973, 974, 975, 1053, 1054, 1055, 1056, 1102, 1103, 1104, 1105, 1167, 1168, 1169, 1170, 1222, 1223, 1224, 1225, 1305, 1306, 1307, 1308, 1360, 1361, 1362, 1363, 1427, 1428, 1429, 1430, 1483, 1484, 1485, 1486, 1543, 1544, 1545, 1546, 1594, 1595, 1596, 1597, 1680, 1681, 1682, 1683, 1696, 1697, 1698, 1699, 1752, 1753, 1754, 1755, 1756, 1854, 1855, 1856, 1857, 1858, 1865, 1866, 1867, 1868, 1869, 1878, 1879, 1880, 1881, 1882, 1892, 1893, 1894, 1895, 1896, 1982, 1983, 1984, 1985, 1986, 2072, 2073, 2074, 2075, 2076, 2158, 2159, 2160, 2161, 2362, 2363, 2367, 2368, 2369, 2490, 2491, 2495, 2496, 2497, 2579, 2580, 2581, 2582, 2583, 2625, 2626, 2627, 2628, 2629, 2680, 2681, 2682, 2683, 2684, 2844, 2845, 2846, 2847, 2848, 2987, 2988, 2989, 2990, 2991, 3143, 3144, 3145, 3146, 3224, 3225, 3226, 3227, 3287, 3288, 3289, 3290, 3336, 3337, 3338, 3339, 3340, 3416, 3417, 3418, 3419, 3420, 3511, 3512, 3513, 3514, 3515, 3634, 3635, 3636, 3637, 3638, 3706, 3707, 3708, 3709, 3710], "summary": {"covered_lines": 248, "num_statements": 1804, "percent_covered": 13.747228381374724, "percent_covered_display": "14", "missing_lines": 1556, "excluded_lines": 0, "percent_statements_covered": 13.747228381374724, "percent_statements_covered_display": "14"}, "missing_lines": [70, 78, 79, 80, 81, 85, 89, 90, 91, 92, 93, 94, 95, 99, 100, 101, 102, 103, 104, 105, 109, 110, 111, 112, 113, 114, 115, 119, 120, 125, 128, 129, 130, 131, 132, 133, 137, 138, 141, 142, 143, 144, 145, 146, 150, 151, 152, 156, 157, 158, 160, 161, 162, 169, 173, 174, 175, 177, 178, 179, 180, 184, 185, 192, 196, 197, 199, 200, 201, 203, 204, 205, 209, 213, 214, 215, 216, 221, 225, 227, 228, 229, 230, 231, 233, 234, 235, 237, 238, 239, 241, 245, 246, 248, 249, 250, 256, 257, 258, 264, 268, 269, 270, 271, 276, 280, 281, 282, 283, 284, 286, 287, 288, 290, 291, 292, 294, 298, 299, 301, 302, 303, 309, 310, 311, 317, 321, 326, 327, 329, 330, 331, 333, 337, 338, 342, 343, 347, 350, 354, 355, 357, 358, 359, 365, 366, 367, 368, 369, 370, 371, 372, 374, 375, 376, 377, 378, 380, 382, 383, 392, 396, 397, 398, 399, 412, 413, 417, 421, 425, 426, 430, 431, 432, 433, 434, 435, 436, 437, 441, 442, 443, 444, 445, 446, 447, 449, 450, 451, 452, 453, 455, 456, 460, 461, 463, 464, 465, 471, 472, 473, 475, 476, 478, 479, 481, 482, 483, 485, 486, 487, 489, 490, 491, 493, 494, 496, 497, 498, 499, 500, 501, 503, 504, 505, 506, 507, 511, 512, 517, 522, 526, 534, 535, 540, 548, 549, 550, 551, 553, 554, 555, 557, 558, 559, 560, 561, 563, 568, 569, 571, 572, 573, 574, 576, 577, 578, 580, 584, 585, 593, 594, 595, 599, 605, 612, 613, 614, 615, 616, 622, 623, 629, 650, 651, 652, 657, 661, 662, 663, 664, 665, 669, 670, 678, 679, 680, 681, 682, 683, 684, 685, 686, 687, 691, 692, 693, 694, 695, 699, 700, 701, 702, 703, 704, 705, 706, 707, 708, 709, 710, 714, 719, 720, 724, 725, 726, 727, 728, 729, 730, 731, 732, 733, 737, 738, 739, 741, 742, 743, 744, 746, 747, 748, 750, 754, 755, 756, 757, 759, 763, 767, 771, 772, 774, 775, 777, 778, 779, 781, 782, 783, 784, 785, 789, 790, 799, 800, 801, 802, 814, 816, 817, 818, 819, 820, 823, 824, 827, 832, 833, 836, 839, 840, 843, 844, 849, 854, 858, 862, 863, 865, 868, 869, 872, 876, 902, 903, 911, 912, 913, 914, 916, 917, 918, 919, 920, 921, 922, 923, 924, 925, 927, 928, 930, 961, 962, 977, 978, 979, 980, 981, 982, 983, 985, 988, 989, 990, 991, 992, 994, 995, 996, 997, 998, 999, 1001, 1003, 1004, 1012, 1013, 1014, 1015, 1017, 1018, 1020, 1023, 1024, 1026, 1027, 1028, 1031, 1032, 1033, 1034, 1035, 1036, 1037, 1038, 1040, 1042, 1049, 1050, 1058, 1059, 1060, 1063, 1064, 1065, 1066, 1069, 1080, 1081, 1082, 1083, 1086, 1096, 1098, 1099, 1107, 1108, 1109, 1110, 1111, 1112, 1113, 1114, 1116, 1125, 1126, 1128, 1132, 1133, 1135, 1136, 1151, 1158, 1159, 1161, 1162, 1163, 1164, 1172, 1173, 1174, 1175, 1176, 1177, 1179, 1180, 1184, 1185, 1187, 1188, 1189, 1191, 1192, 1206, 1213, 1214, 1216, 1217, 1218, 1219, 1227, 1228, 1229, 1230, 1231, 1232, 1234, 1235, 1236, 1237, 1239, 1243, 1244, 1246, 1247, 1252, 1253, 1255, 1256, 1260, 1263, 1264, 1267, 1268, 1270, 1271, 1285, 1292, 1293, 1295, 1296, 1297, 1298, 1310, 1311, 1312, 1313, 1314, 1316, 1318, 1319, 1320, 1321, 1322, 1324, 1325, 1332, 1334, 1335, 1337, 1338, 1339, 1340, 1341, 1342, 1343, 1348, 1350, 1356, 1357, 1365, 1366, 1367, 1368, 1369, 1370, 1371, 1372, 1374, 1383, 1384, 1386, 1388, 1389, 1390, 1391, 1394, 1396, 1397, 1411, 1418, 1419, 1421, 1422, 1423, 1424, 1432, 1433, 1434, 1435, 1436, 1437, 1439, 1440, 1444, 1445, 1447, 1453, 1454, 1467, 1474, 1475, 1477, 1478, 1479, 1480, 1488, 1489, 1490, 1491, 1492, 1493, 1495, 1496, 1500, 1501, 1503, 1509, 1510, 1523, 1530, 1531, 1533, 1534, 1535, 1536, 1548, 1549, 1550, 1551, 1552, 1554, 1556, 1557, 1558, 1559, 1560, 1562, 1563, 1565, 1567, 1568, 1570, 1571, 1572, 1573, 1574, 1575, 1576, 1582, 1584, 1590, 1591, 1599, 1600, 1601, 1602, 1603, 1604, 1609, 1610, 1611, 1612, 1614, 1624, 1625, 1627, 1629, 1630, 1632, 1633, 1634, 1636, 1637, 1638, 1639, 1640, 1641, 1643, 1645, 1646, 1660, 1667, 1668, 1670, 1671, 1672, 1673, 1686, 1701, 1702, 1703, 1704, 1705, 1706, 1707, 1709, 1713, 1714, 1718, 1719, 1733, 1740, 1741, 1743, 1744, 1745, 1757, 1758, 1759, 1760, 1761, 1763, 1764, 1765, 1766, 1771, 1772, 1774, 1783, 1784, 1786, 1787, 1789, 1790, 1791, 1792, 1794, 1795, 1796, 1798, 1799, 1800, 1802, 1803, 1804, 1805, 1820, 1822, 1837, 1847, 1848, 1849, 1850, 1851, 1859, 1860, 1861, 1862, 1870, 1871, 1872, 1873, 1874, 1875, 1883, 1884, 1885, 1886, 1887, 1888, 1889, 1897, 1898, 1899, 1900, 1905, 1906, 1908, 1909, 1917, 1918, 1920, 1921, 1922, 1924, 1925, 1927, 1928, 1929, 1931, 1932, 1933, 1935, 1936, 1937, 1938, 1940, 1941, 1942, 1944, 1945, 1946, 1947, 1948, 1949, 1950, 1952, 1967, 1975, 1976, 1977, 1978, 1979, 1987, 1988, 1989, 1990, 1995, 1996, 1998, 1999, 2007, 2008, 2010, 2011, 2012, 2014, 2015, 2017, 2018, 2019, 2021, 2022, 2023, 2025, 2026, 2027, 2028, 2030, 2031, 2032, 2034, 2035, 2036, 2037, 2038, 2039, 2040, 2042, 2057, 2065, 2066, 2067, 2068, 2069, 2077, 2078, 2079, 2080, 2085, 2086, 2088, 2089, 2097, 2098, 2100, 2101, 2102, 2104, 2105, 2107, 2108, 2109, 2110, 2112, 2113, 2114, 2116, 2117, 2118, 2119, 2120, 2121, 2122, 2124, 2139, 2147, 2148, 2149, 2150, 2151, 2163, 2164, 2165, 2166, 2167, 2168, 2169, 2170, 2171, 2172, 2173, 2174, 2175, 2176, 2177, 2178, 2179, 2181, 2182, 2183, 2184, 2186, 2187, 2189, 2190, 2192, 2193, 2195, 2197, 2198, 2200, 2201, 2203, 2204, 2205, 2206, 2207, 2208, 2210, 2211, 2212, 2213, 2214, 2215, 2217, 2223, 2224, 2225, 2227, 2229, 2230, 2231, 2232, 2234, 2236, 2237, 2238, 2239, 2256, 2257, 2258, 2273, 2274, 2275, 2287, 2288, 2301, 2302, 2303, 2304, 2305, 2316, 2317, 2318, 2333, 2334, 2335, 2336, 2347, 2354, 2355, 2371, 2372, 2373, 2374, 2375, 2376, 2377, 2378, 2379, 2380, 2381, 2382, 2384, 2385, 2387, 2388, 2389, 2390, 2391, 2393, 2394, 2395, 2396, 2397, 2398, 2400, 2401, 2402, 2403, 2404, 2406, 2407, 2408, 2410, 2411, 2413, 2414, 2416, 2417, 2424, 2426, 2427, 2429, 2430, 2431, 2432, 2433, 2434, 2435, 2436, 2437, 2439, 2440, 2455, 2456, 2458, 2459, 2460, 2461, 2462, 2463, 2464, 2465, 2475, 2483, 2484, 2485, 2486, 2487, 2499, 2500, 2501, 2502, 2503, 2504, 2505, 2506, 2508, 2514, 2515, 2523, 2524, 2525, 2527, 2528, 2529, 2530, 2531, 2533, 2546, 2547, 2548, 2549, 2554, 2555, 2556, 2557, 2558, 2559, 2561, 2562, 2564, 2574, 2575, 2576, 2585, 2586, 2587, 2589, 2590, 2592, 2593, 2609, 2617, 2618, 2619, 2620, 2621, 2622, 2631, 2632, 2633, 2634, 2635, 2636, 2637, 2639, 2640, 2642, 2647, 2648, 2650, 2651, 2652, 2653, 2654, 2665, 2666, 2667, 2669, 2676, 2677, 2686, 2687, 2688, 2689, 2690, 2692, 2694, 2695, 2696, 2712, 2713, 2714, 2722, 2723, 2738, 2739, 2740, 2741, 2756, 2760, 2761, 2762, 2766, 2781, 2782, 2796, 2797, 2798, 2813, 2814, 2815, 2817, 2818, 2833, 2840, 2841, 2850, 2851, 2852, 2853, 2854, 2856, 2857, 2859, 2860, 2861, 2863, 2864, 2865, 2866, 2868, 2869, 2870, 2872, 2873, 2881, 2882, 2883, 2884, 2885, 2886, 2887, 2888, 2889, 2891, 2892, 2894, 2895, 2896, 2897, 2898, 2900, 2901, 2903, 2922, 2923, 2925, 2926, 2927, 2928, 2950, 2951, 2953, 2972, 2973, 2983, 2984, 2993, 2994, 2995, 2996, 2998, 2999, 3000, 3002, 3006, 3010, 3011, 3016, 3017, 3018, 3020, 3021, 3023, 3024, 3025, 3026, 3028, 3029, 3031, 3032, 3033, 3034, 3036, 3037, 3045, 3046, 3047, 3048, 3049, 3051, 3052, 3053, 3054, 3058, 3060, 3061, 3062, 3063, 3067, 3069, 3070, 3071, 3072, 3073, 3074, 3075, 3077, 3078, 3080, 3087, 3088, 3089, 3090, 3092, 3093, 3094, 3095, 3097, 3098, 3118, 3135, 3136, 3148, 3149, 3150, 3151, 3152, 3153, 3155, 3156, 3157, 3158, 3159, 3161, 3165, 3166, 3168, 3169, 3174, 3175, 3177, 3178, 3182, 3183, 3185, 3186, 3189, 3193, 3195, 3196, 3209, 3215, 3216, 3218, 3219, 3220, 3221, 3229, 3230, 3231, 3232, 3233, 3234, 3235, 3236, 3238, 3242, 3243, 3245, 3246, 3249, 3250, 3251, 3252, 3254, 3256, 3257, 3271, 3278, 3279, 3281, 3282, 3283, 3284, 3292, 3293, 3294, 3296, 3297, 3303, 3304, 3305, 3306, 3308, 3318, 3332, 3333, 3342, 3343, 3344, 3345, 3349, 3350, 3351, 3353, 3354, 3356, 3357, 3359, 3360, 3361, 3363, 3364, 3365, 3366, 3368, 3378, 3379, 3380, 3381, 3382, 3384, 3385, 3400, 3412, 3413, 3422, 3423, 3424, 3426, 3427, 3428, 3430, 3431, 3432, 3433, 3434, 3436, 3437, 3438, 3440, 3442, 3443, 3444, 3445, 3447, 3448, 3450, 3451, 3452, 3454, 3455, 3456, 3457, 3459, 3460, 3461, 3463, 3464, 3465, 3466, 3467, 3468, 3470, 3471, 3473, 3474, 3491, 3507, 3508, 3517, 3518, 3519, 3521, 3522, 3523, 3525, 3526, 3528, 3529, 3531, 3532, 3534, 3535, 3541, 3543, 3544, 3545, 3552, 3553, 3554, 3555, 3556, 3557, 3558, 3559, 3568, 3569, 3570, 3571, 3572, 3574, 3575, 3576, 3577, 3578, 3579, 3580, 3581, 3582, 3584, 3585, 3586, 3587, 3588, 3589, 3594, 3595, 3597, 3617, 3630, 3631, 3640, 3641, 3642, 3643, 3644, 3646, 3647, 3649, 3650, 3652, 3653, 3654, 3655, 3656, 3658, 3659, 3660, 3662, 3663, 3669, 3670, 3671, 3673, 3674, 3675, 3676, 3678, 3680, 3681, 3695, 3702, 3703, 3712, 3713, 3714, 3715, 3716, 3718, 3719, 3720, 3721, 3722, 3724, 3725, 3727, 3728, 3730, 3731, 3732, 3739, 3740, 3749, 3753, 3754, 3756, 3757, 3762, 3763, 3765, 3766, 3767, 3768, 3769, 3770, 3771, 3772, 3773, 3774, 3775, 3776, 3777, 3778, 3779, 3780, 3781, 3783, 3784, 3785, 3804, 3827, 3828, 3829, 3830, 3831], "excluded_lines": [], "functions": {"_is_super_admin": {"executed_lines": [], "summary": {"covered_lines": 0, "num_statements": 1, "percent_covered": 0.0, "percent_covered_display": "0", "missing_lines": 1, "excluded_lines": 0, "percent_statements_covered": 0.0, "percent_statements_covered_display": "0"}, "missing_lines": [70], "excluded_lines": [], "start_line": 69}, "_get_admin_user": {"executed_lines": [], "summary": {"covered_lines": 0, "num_statements": 4, "percent_covered": 0.0, "percent_covered_display": "0", "missing_lines": 4, "excluded_lines": 0, "percent_statements_covered": 0.0, "percent_statements_covered_display": "0"}, "missing_lines": [78, 79, 80, 81], "excluded_lines": [], "start_line": 77}, "_get_admin_role": {"executed_lines": [], "summary": {"covered_lines": 0, "num_statements": 1, "percent_covered": 0.0, "percent_covered_display": "0", "missing_lines": 1, "excluded_lines": 0, "percent_statements_covered": 0.0, "percent_statements_covered_display": "0"}, "missing_lines": [85], "excluded_lines": [], "start_line": 84}, "_approval_rate_limit_key": {"executed_lines": [], "summary": {"covered_lines": 0, "num_statements": 7, "percent_covered": 0.0, "percent_covered_display": "0", "missing_lines": 7, "excluded_lines": 0, "percent_statements_covered": 0.0, "percent_statements_covered_display": "0"}, "missing_lines": [89, 90, 91, 92, 93, 94, 95], "excluded_lines": [], "start_line": 88}, "_security_events_rate_limit_key": {"executed_lines": [], "summary": {"covered_lines": 0, "num_statements": 7, "percent_covered": 0.0, "percent_covered_display": "0", "missing_lines": 7, "excluded_lines": 0, "percent_statements_covered": 0.0, "percent_statements_covered_display": "0"}, "missing_lines": [99, 100, 101, 102, 103, 104, 105], "excluded_lines": [], "start_line": 98}, "_safe_parse_policy_overrides": {"executed_lines": [], "summary": {"covered_lines": 0, "num_statements": 7, "percent_covered": 0.0, "percent_covered_display": "0", "missing_lines": 7, "excluded_lines": 0, "percent_statements_covered": 0.0, "percent_statements_covered_display": "0"}, "missing_lines": [109, 110, 111, 112, 113, 114, 115], "excluded_lines": [], "start_line": 108}, "_resolve_action_approval_policy": {"executed_lines": [], "summary": {"covered_lines": 0, "num_statements": 9, "percent_covered": 0.0, "percent_covered_display": "0", "missing_lines": 9, "excluded_lines": 0, "percent_statements_covered": 0.0, "percent_statements_covered_display": "0"}, "missing_lines": [119, 120, 125, 128, 129, 130, 131, 132, 133], "excluded_lines": [], "start_line": 118}, "_resolve_action_permission_policy": {"executed_lines": [], "summary": {"covered_lines": 0, "num_statements": 8, "percent_covered": 0.0, "percent_covered_display": "0", "missing_lines": 8, "excluded_lines": 0, "percent_statements_covered": 0.0, "percent_statements_covered_display": "0"}, "missing_lines": [137, 138, 141, 142, 143, 144, 145, 146], "excluded_lines": [], "start_line": 136}, "_has_admin_permission": {"executed_lines": [], "summary": {"covered_lines": 0, "num_statements": 3, "percent_covered": 0.0, "percent_covered_display": "0", "missing_lines": 3, "excluded_lines": 0, "percent_statements_covered": 0.0, "percent_statements_covered_display": "0"}, "missing_lines": [150, 151, 152], "excluded_lines": [], "start_line": 149}, "_check_approval_permission": {"executed_lines": [], "summary": {"covered_lines": 0, "num_statements": 7, "percent_covered": 0.0, "percent_covered_display": "0", "missing_lines": 7, "excluded_lines": 0, "percent_statements_covered": 0.0, "percent_statements_covered_display": "0"}, "missing_lines": [156, 157, 158, 160, 161, 162, 169], "excluded_lines": [], "start_line": 155}, "_check_approval_policy": {"executed_lines": [], "summary": {"covered_lines": 0, "num_statements": 10, "percent_covered": 0.0, "percent_covered_display": "0", "missing_lines": 10, "excluded_lines": 0, "percent_statements_covered": 0.0, "percent_statements_covered_display": "0"}, "missing_lines": [173, 174, 175, 177, 178, 179, 180, 184, 185, 192], "excluded_lines": [], "start_line": 172}, "_require_admin_confirmation": {"executed_lines": [], "summary": {"covered_lines": 0, "num_statements": 9, "percent_covered": 0.0, "percent_covered_display": "0", "missing_lines": 9, "excluded_lines": 0, "percent_statements_covered": 0.0, "percent_statements_covered_display": "0"}, "missing_lines": [196, 197, 199, 200, 201, 203, 204, 205, 209], "excluded_lines": [], "start_line": 195}, "_reason_required_for": {"executed_lines": [], "summary": {"covered_lines": 0, "num_statements": 5, "percent_covered": 0.0, "percent_covered_display": "0", "missing_lines": 5, "excluded_lines": 0, "percent_statements_covered": 0.0, "percent_statements_covered_display": "0"}, "missing_lines": [213, 214, 215, 216, 221], "excluded_lines": [], "start_line": 212}, "_extract_reason_from_request": {"executed_lines": [], "summary": {"covered_lines": 0, "num_statements": 13, "percent_covered": 0.0, "percent_covered_display": "0", "missing_lines": 13, "excluded_lines": 0, "percent_statements_covered": 0.0, "percent_statements_covered_display": "0"}, "missing_lines": [225, 227, 228, 229, 230, 231, 233, 234, 235, 237, 238, 239, 241], "excluded_lines": [], "start_line": 224}, "_require_action_reason": {"executed_lines": [], "summary": {"covered_lines": 0, "num_statements": 9, "percent_covered": 0.0, "percent_covered_display": "0", "missing_lines": 9, "excluded_lines": 0, "percent_statements_covered": 0.0, "percent_statements_covered_display": "0"}, "missing_lines": [245, 246, 248, 249, 250, 256, 257, 258, 264], "excluded_lines": [], "start_line": 244}, "_change_ticket_required_for": {"executed_lines": [], "summary": {"covered_lines": 0, "num_statements": 5, "percent_covered": 0.0, "percent_covered_display": "0", "missing_lines": 5, "excluded_lines": 0, "percent_statements_covered": 0.0, "percent_statements_covered_display": "0"}, "missing_lines": [268, 269, 270, 271, 276], "excluded_lines": [], "start_line": 267}, "_extract_change_ticket": {"executed_lines": [], "summary": {"covered_lines": 0, "num_statements": 12, "percent_covered": 0.0, "percent_covered_display": "0", "missing_lines": 12, "excluded_lines": 0, "percent_statements_covered": 0.0, "percent_statements_covered_display": "0"}, "missing_lines": [280, 281, 282, 283, 284, 286, 287, 288, 290, 291, 292, 294], "excluded_lines": [], "start_line": 279}, "_require_change_ticket": {"executed_lines": [], "summary": {"covered_lines": 0, "num_statements": 9, "percent_covered": 0.0, "percent_covered_display": "0", "missing_lines": 9, "excluded_lines": 0, "percent_statements_covered": 0.0, "percent_statements_covered_display": "0"}, "missing_lines": [298, 299, 301, 302, 303, 309, 310, 311, 317], "excluded_lines": [], "start_line": 297}, "_require_action_governance": {"executed_lines": [], "summary": {"covered_lines": 0, "num_statements": 7, "percent_covered": 0.0, "percent_covered_display": "0", "missing_lines": 7, "excluded_lines": 0, "percent_statements_covered": 0.0, "percent_statements_covered_display": "0"}, "missing_lines": [321, 326, 327, 329, 330, 331, 333], "excluded_lines": [], "start_line": 320}, "_canonical_payload_hash": {"executed_lines": [], "summary": {"covered_lines": 0, "num_statements": 2, "percent_covered": 0.0, "percent_covered_display": "0", "missing_lines": 2, "excluded_lines": 0, "percent_statements_covered": 0.0, "percent_statements_covered_display": "0"}, "missing_lines": [337, 338], "excluded_lines": [], "start_line": 336}, "_new_security_event_id": {"executed_lines": [], "summary": {"covered_lines": 0, "num_statements": 2, "percent_covered": 0.0, "percent_covered_display": "0", "missing_lines": 2, "excluded_lines": 0, "percent_statements_covered": 0.0, "percent_statements_covered_display": "0"}, "missing_lines": [342, 343], "excluded_lines": [], "start_line": 341}, "_idempotency_store_key": {"executed_lines": [], "summary": {"covered_lines": 0, "num_statements": 2, "percent_covered": 0.0, "percent_covered_display": "0", "missing_lines": 2, "excluded_lines": 0, "percent_statements_covered": 0.0, "percent_statements_covered_display": "0"}, "missing_lines": [347, 350], "excluded_lines": [], "start_line": 346}, "_require_idempotency": {"executed_lines": [], "summary": {"covered_lines": 0, "num_statements": 22, "percent_covered": 0.0, "percent_covered_display": "0", "missing_lines": 22, "excluded_lines": 0, "percent_statements_covered": 0.0, "percent_statements_covered_display": "0"}, "missing_lines": [354, 355, 357, 358, 359, 365, 366, 367, 368, 369, 370, 371, 372, 374, 375, 376, 377, 378, 380, 382, 383, 392], "excluded_lines": [], "start_line": 353}, "_finalize_idempotency": {"executed_lines": [], "summary": {"covered_lines": 0, "num_statements": 4, "percent_covered": 0.0, "percent_covered_display": "0", "missing_lines": 4, "excluded_lines": 0, "percent_statements_covered": 0.0, "percent_statements_covered_display": "0"}, "missing_lines": [396, 397, 398, 399], "excluded_lines": [], "start_line": 395}, "_clear_idempotency": {"executed_lines": [], "summary": {"covered_lines": 0, "num_statements": 2, "percent_covered": 0.0, "percent_covered_display": "0", "missing_lines": 2, "excluded_lines": 0, "percent_statements_covered": 0.0, "percent_statements_covered_display": "0"}, "missing_lines": [412, 413], "excluded_lines": [], "start_line": 411}, "_approval_key": {"executed_lines": [], "summary": {"covered_lines": 0, "num_statements": 1, "percent_covered": 0.0, "percent_covered_display": "0", "missing_lines": 1, "excluded_lines": 0, "percent_statements_covered": 0.0, "percent_statements_covered_display": "0"}, "missing_lines": [417], "excluded_lines": [], "start_line": 416}, "_approval_index_key": {"executed_lines": [], "summary": {"covered_lines": 0, "num_statements": 1, "percent_covered": 0.0, "percent_covered_display": "0", "missing_lines": 1, "excluded_lines": 0, "percent_statements_covered": 0.0, "percent_statements_covered_display": "0"}, "missing_lines": [421], "excluded_lines": [], "start_line": 420}, "_store_approval": {"executed_lines": [], "summary": {"covered_lines": 0, "num_statements": 2, "percent_covered": 0.0, "percent_covered_display": "0", "missing_lines": 2, "excluded_lines": 0, "percent_statements_covered": 0.0, "percent_statements_covered_display": "0"}, "missing_lines": [425, 426], "excluded_lines": [], "start_line": 424}, "_load_approval": {"executed_lines": [], "summary": {"covered_lines": 0, "num_statements": 8, "percent_covered": 0.0, "percent_covered_display": "0", "missing_lines": 8, "excluded_lines": 0, "percent_statements_covered": 0.0, "percent_statements_covered_display": "0"}, "missing_lines": [430, 431, 432, 433, 434, 435, 436, 437], "excluded_lines": [], "start_line": 429}, "_list_approvals": {"executed_lines": [], "summary": {"covered_lines": 0, "num_statements": 14, "percent_covered": 0.0, "percent_covered_display": "0", "missing_lines": 14, "excluded_lines": 0, "percent_statements_covered": 0.0, "percent_statements_covered_display": "0"}, "missing_lines": [441, 442, 443, 444, 445, 446, 447, 449, 450, 451, 452, 453, 455, 456], "excluded_lines": [], "start_line": 440}, "_require_two_person_approval": {"executed_lines": [], "summary": {"covered_lines": 0, "num_statements": 34, "percent_covered": 0.0, "percent_covered_display": "0", "missing_lines": 34, "excluded_lines": 0, "percent_statements_covered": 0.0, "percent_statements_covered_display": "0"}, "missing_lines": [460, 461, 463, 464, 465, 471, 472, 473, 475, 476, 478, 479, 481, 482, 483, 485, 486, 487, 489, 490, 491, 493, 494, 496, 497, 498, 499, 500, 501, 503, 504, 505, 506, 507], "excluded_lines": [], "start_line": 459}, "_sign_audit_export": {"executed_lines": [], "summary": {"covered_lines": 0, "num_statements": 4, "percent_covered": 0.0, "percent_covered_display": "0", "missing_lines": 4, "excluded_lines": 0, "percent_statements_covered": 0.0, "percent_statements_covered_display": "0"}, "missing_lines": [511, 512, 517, 522], "excluded_lines": [], "start_line": 510}, "_security_feed_signing_key": {"executed_lines": [], "summary": {"covered_lines": 0, "num_statements": 1, "percent_covered": 0.0, "percent_covered_display": "0", "missing_lines": 1, "excluded_lines": 0, "percent_statements_covered": 0.0, "percent_statements_covered_display": "0"}, "missing_lines": [526], "excluded_lines": [], "start_line": 525}, "_encode_security_feed_cursor": {"executed_lines": [], "summary": {"covered_lines": 0, "num_statements": 3, "percent_covered": 0.0, "percent_covered_display": "0", "missing_lines": 3, "excluded_lines": 0, "percent_statements_covered": 0.0, "percent_statements_covered_display": "0"}, "missing_lines": [534, 535, 540], "excluded_lines": [], "start_line": 533}, "_decode_security_feed_cursor": {"executed_lines": [], "summary": {"covered_lines": 0, "num_statements": 21, "percent_covered": 0.0, "percent_covered_display": "0", "missing_lines": 21, "excluded_lines": 0, "percent_statements_covered": 0.0, "percent_statements_covered_display": "0"}, "missing_lines": [548, 549, 550, 551, 553, 557, 558, 559, 560, 561, 563, 568, 569, 571, 572, 573, 574, 576, 577, 578, 580], "excluded_lines": [], "start_line": 547}, "_decode_security_feed_cursor._b64decode": {"executed_lines": [], "summary": {"covered_lines": 0, "num_statements": 2, "percent_covered": 0.0, "percent_covered_display": "0", "missing_lines": 2, "excluded_lines": 0, "percent_statements_covered": 0.0, "percent_statements_covered_display": "0"}, "missing_lines": [554, 555], "excluded_lines": [], "start_line": 553}, "_security_feed_signature": {"executed_lines": [], "summary": {"covered_lines": 0, "num_statements": 2, "percent_covered": 0.0, "percent_covered_display": "0", "missing_lines": 2, "excluded_lines": 0, "percent_statements_covered": 0.0, "percent_statements_covered_display": "0"}, "missing_lines": [584, 585], "excluded_lines": [], "start_line": 583}, "_serialize_role": {"executed_lines": [], "summary": {"covered_lines": 0, "num_statements": 3, "percent_covered": 0.0, "percent_covered_display": "0", "missing_lines": 3, "excluded_lines": 0, "percent_statements_covered": 0.0, "percent_statements_covered_display": "0"}, "missing_lines": [593, 594, 595], "excluded_lines": [], "start_line": 592}, "_sorted_csv_items": {"executed_lines"
[...]
ements_covered": 100.0, "percent_statements_covered_display": "100"}, "missing_lines": [], "excluded_lines": [], "start_line": 1}}, "classes": {"": {"executed_lines": [2, 3, 4, 5, 8, 9, 10, 11, 12, 13, 14, 15, 16, 18, 21, 22, 23, 24, 25, 26, 27, 29, 31, 34, 35, 36, 37, 38, 39, 40, 42, 44, 47, 48, 49, 50, 51, 52, 53, 56, 57, 76, 78], "summary": {"covered_lines": 43, "num_statements": 52, "percent_covered": 82.6923076923077, "percent_covered_display": "83", "missing_lines": 9, "excluded_lines": 0, "percent_statements_covered": 82.6923076923077, "percent_statements_covered_display": "83"}, "missing_lines": [28, 41, 61, 62, 63, 65, 66, 67, 74], "excluded_lines": [], "start_line": 1}}}, "app/utils/security.py": {"executed_lines": [], "summary": {"covered_lines": 0, "num_statements": 142, "percent_covered": 0.0, "percent_covered_display": "0", "missing_lines": 142, "excluded_lines": 3, "percent_statements_covered": 0.0, "percent_statements_covered_display": "0"}, "missing_lines": [8, 9, 10, 11, 12, 13, 14, 15, 17, 22, 26, 27, 30, 38, 41, 43, 44, 45, 46, 47, 48, 49, 50, 55, 58, 60, 62, 72, 73, 74, 75, 79, 88, 89, 90, 92, 93, 94, 95, 96, 97, 100, 104, 106, 113, 114, 115, 118, 121, 122, 124, 125, 131, 132, 134, 136, 137, 139, 141, 142, 144, 151, 152, 154, 160, 161, 163, 170, 171, 173, 184, 197, 198, 199, 200, 201, 204, 205, 207, 208, 210, 211, 212, 218, 219, 220, 221, 224, 234, 235, 236, 237, 238, 240, 241, 243, 244, 246, 247, 252, 253, 254, 259, 261, 263, 264, 267, 268, 270, 273, 275, 276, 277, 278, 279, 282, 284, 285, 288, 291, 292, 294, 299, 301, 302, 305, 306, 313, 318, 320, 322, 323, 325, 328, 331, 333, 334, 337, 339, 340, 341, 342], "excluded_lines": [80, 185, 225], "functions": {"configure_rate_limits": {"executed_lines": [], "summary": {"covered_lines": 0, "num_statements": 4, "percent_covered": 0.0, "percent_covered_display": "0", "missing_lines": 4, "excluded_lines": 0, "percent_statements_covered": 0.0, "percent_statements_covered_display": "0"}, "missing_lines": [26, 27, 30, 38], "excluded_lines": [], "start_line": 22}, "get_rate_limit_key": {"executed_lines": [], "summary": {"covered_lines": 0, "num_statements": 8, "percent_covered": 0.0, "percent_covered_display": "0", "missing_lines": 8, "excluded_lines": 0, "percent_statements_covered": 0.0, "percent_statements_covered_display": "0"}, "missing_lines": [43, 44, 45, 46, 47, 48, 49, 50], "excluded_lines": [], "start_line": 41}, "log_audit": {"executed_lines": [], "summary": {"covered_lines": 0, "num_statements": 7, "percent_covered": 0.0, "percent_covered_display": "0", "missing_lines": 7, "excluded_lines": 0, "percent_statements_covered": 0.0, "percent_statements_covered_display": "0"}, "missing_lines": [58, 60, 62, 72, 73, 74, 75], "excluded_lines": [], "start_line": 55}, "audit_log": {"executed_lines": [], "summary": {"covered_lines": 0, "num_statements": 3, "percent_covered": 0.0, "percent_covered_display": "0", "missing_lines": 3, "excluded_lines": 1, "percent_statements_covered": 0.0, "percent_statements_covered_display": "0"}, "missing_lines": [88, 89, 115], "excluded_lines": [80], "start_line": 79}, "audit_log.decorator": {"executed_lines": [], "summary": {"covered_lines": 0, "num_statements": 2, "percent_covered": 0.0, "percent_covered_display": "0", "missing_lines": 2, "excluded_lines": 0, "percent_statements_covered": 0.0, "percent_statements_covered_display": "0"}, "missing_lines": [90, 114], "excluded_lines": [], "start_line": 88}, "audit_log.decorator.wrapper": {"executed_lines": [], "summary": {"covered_lines": 0, "num_statements": 10, "percent_covered": 0.0, "percent_covered_display": "0", "missing_lines": 10, "excluded_lines": 0, "percent_statements_covered": 0.0, "percent_statements_covered_display": "0"}, "missing_lines": [92, 93, 94, 95, 96, 97, 100, 104, 106, 113], "excluded_lines": [], "start_line": 90}, "AuditLogger.log_login": {"executed_lines": [], "summary": {"covered_lines": 0, "num_statements": 2, "percent_covered": 0.0, "percent_covered_display": "0", "missing_lines": 2, "excluded_lines": 0, "percent_statements_covered": 0.0, "percent_statements_covered_display": "0"}, "missing_lines": [124, 125], "excluded_lines": [], "start_line": 122}, "AuditLogger.log_logout": {"executed_lines": [], "summary": {"covered_lines": 0, "num_statements": 1, "percent_covered": 0.0, "percent_covered_display": "0", "missing_lines": 1, "excluded_lines": 0, "percent_statements_covered": 0.0, "percent_statements_covered_display": "0"}, "missing_lines": [134], "excluded_lines": [], "start_line": 132}, "AuditLogger.log_password_change": {"executed_lines": [], "summary": {"covered_lines": 0, "num_statements": 1, "percent_covered": 0.0, "percent_covered_display": "0", "missing_lines": 1, "excluded_lines": 0, "percent_statements_covered": 0.0, "percent_statements_covered_display": "0"}, "missing_lines": [139], "excluded_lines": [], "start_line": 137}, "AuditLogger.log_profile_update": {"executed_lines": [], "summary": {"covered_lines": 0, "num_statements": 1, "percent_covered": 0.0, "percent_covered_display": "0", "missing_lines": 1, "excluded_lines": 0, "percent_statements_covered": 0.0, "percent_statements_covered_display": "0"}, "missing_lines": [144], "excluded_lines": [], "start_line": 142}, "AuditLogger.log_payment": {"executed_lines": [], "summary": {"covered_lines": 0, "num_statements": 1, "percent_covered": 0.0, "percent_covered_display": "0", "missing_lines": 1, "excluded_lines": 0, "percent_statements_covered": 0.0, "percent_statements_covered_display": "0"}, "missing_lines": [154], "excluded_lines": [], "start_line": 152}, "AuditLogger.log_job_action": {"executed_lines": [], "summary": {"covered_lines": 0, "num_statements": 1, "percent_covered": 0.0, "percent_covered_display": "0", "missing_lines": 1, "excluded_lines": 0, "percent_statements_covered": 0.0, "percent_statements_covered_display": "0"}, "missing_lines": [163], "excluded_lines": [], "start_line": 161}, "AuditLogger.log_admin_action": {"executed_lines": [], "summary": {"covered_lines": 0, "num_statements": 1, "percent_covered": 0.0, "percent_covered_display": "0", "missing_lines": 1, "excluded_lines": 0, "percent_statements_covered": 0.0, "percent_statements_covered_display": "0"}, "missing_lines": [173], "excluded_lines": [], "start_line": 171}, "require_role": {"executed_lines": [], "summary": {"covered_lines": 0, "num_statements": 3, "percent_covered": 0.0, "percent_covered_display": "0", "missing_lines": 3, "excluded_lines": 1, "percent_statements_covered": 0.0, "percent_statements_covered_display": "0"}, "missing_lines": [197, 198, 221], "excluded_lines": [185], "start_line": 184}, "require_role.decorator": {"executed_lines": [], "summary": {"covered_lines": 0, "num_statements": 2, "percent_covered": 0.0, "percent_covered_display": "0", "missing_lines": 2, "excluded_lines": 0, "percent_statements_covered": 0.0, "percent_statements_covered_display": "0"}, "missing_lines": [199, 220], "excluded_lines": [], "start_line": 197}, "require_role.decorator.wrapper": {"executed_lines": [], "summary": {"covered_lines": 0, "num_statements": 11, "percent_covered": 0.0, "percent_covered_display": "0", "missing_lines": 11, "excluded_lines": 0, "percent_statements_covered": 0.0, "percent_statements_covered_display": "0"}, "missing_lines": [200, 201, 204, 205, 207, 208, 210, 211, 212, 218, 219], "excluded_lines": [], "start_line": 199}, "require_verified": {"executed_lines": [], "summary": {"covered_lines": 0, "num_statements": 3, "percent_covered": 0.0, "percent_covered_display": "0", "missing_lines": 3, "excluded_lines": 1, "percent_statements_covered": 0.0, "percent_statements_covered_display": "0"}, "missing_lines": [234, 235, 254], "excluded_lines": [225], "start_line": 224}, "require_verified.decorator": {"executed_lines": [], "summary": {"covered_lines": 0, "num_statements": 2, "percent_covered": 0.0, "percent_covered_display": "0", "missing_lines": 2, "excluded_lines": 0, "percent_statements_covered": 0.0, "percent_statements_covered_display": "0"}, "missing_lines": [236, 253], "excluded_lines": [], "start_line": 234}, "require_verified.decorator.wrapper": {"executed_lines": [], "summary": {"covered_lines": 0, "num_statements": 9, "percent_covered": 0.0, "percent_covered_display": "0", "missing_lines": 9, "excluded_lines": 0, "percent_statements_covered": 0.0, "percent_statements_covered_display": "0"}, "missing_lines": [237, 238, 240, 241, 243, 244, 246, 247, 252], "excluded_lines": [], "start_line": 236}, "validate_phone": {"executed_lines": [], "summary": {"covered_lines": 0, "num_statements": 6, "percent_covered": 0.0, "percent_covered_display": "0", "missing_lines": 6, "excluded_lines": 0, "percent_statements_covered": 0.0, "percent_statements_covered_display": "0"}, "missing_lines": [261, 263, 264, 267, 268, 270], "excluded_lines": [], "start_line": 259}, "validate_email": {"executed_lines": [], "summary": {"covered_lines": 0, "num_statements": 5, "percent_covered": 0.0, "percent_covered_display": "0", "missing_lines": 5, "excluded_lines": 0, "percent_statements_covered": 0.0, "percent_statements_covered_display": "0"}, "missing_lines": [275, 276, 277, 278, 279], "excluded_lines": [], "start_line": 273}, "sanitize_input": {"executed_lines": [], "summary": {"covered_lines": 0, "num_statements": 6, "percent_covered": 0.0, "percent_covered_display": "0", "missing_lines": 6, "excluded_lines": 0, "percent_statements_covered": 0.0, "percent_statements_covered_display": "0"}, "missing_lines": [284, 285, 288, 291, 292, 294], "excluded_lines": [], "start_line": 282}, "verify_mpesa_signature": {"executed_lines": [], "summary": {"covered_lines": 0, "num_statements": 5, "percent_covered": 0.0, "percent_covered_display": "0", "missing_lines": 5, "excluded_lines": 0, "percent_statements_covered": 0.0, "percent_statements_covered_display": "0"}, "missing_lines": [301, 302, 305, 306, 313], "excluded_lines": [], "start_line": 299}, "is_safe_redirect_url": {"executed_lines": [], "summary": {"covered_lines": 0, "num_statements": 5, "percent_covered": 0.0, "percent_covered_display": "0", "missing_lines": 5, "excluded_lines": 0, "percent_statements_covered": 0.0, "percent_statements_covered_display": "0"}, "missing_lines": [320, 322, 323, 325, 328], "excluded_lines": [], "start_line": 318}, "generate_csrf_token": {"executed_lines": [], "summary": {"covered_lines": 0, "num_statements": 2, "percent_covered": 0.0, "percent_covered_display": "0", "missing_lines": 2, "excluded_lines": 0, "percent_statements_covered": 0.0, "percent_statements_covered_display": "0"}, "missing_lines": [333, 334], "excluded_lines": [], "start_line": 331}, "verify_csrf_token": {"executed_lines": [], "summary": {"covered_lines": 0, "num_statements": 4, "percent_covered": 0.0, "percent_covered_display": "0", "missing_lines": 4, "excluded_lines": 0, "percent_statements_covered": 0.0, "percent_statements_covered_display": "0"}, "missing_lines": [339, 340, 341, 342], "excluded_lines": [], "start_line": 337}, "": {"executed_lines": [], "summary": {"covered_lines": 0, "num_statements": 37, "percent_covered": 0.0, "percent_covered_display": "0", "missing_lines": 37, "excluded_lines": 0, "percent_statements_covered": 0.0, "percent_statements_covered_display": "0"}, "missing_lines": [8, 9, 10, 11, 12, 13, 14, 15, 17, 22, 41, 55, 79, 118, 121, 122, 131, 132, 136, 137, 141, 142, 151, 152, 160, 161, 170, 171, 184, 224, 259, 273, 282, 299, 318, 331, 337], "excluded_lines": [], "start_line": 1}}, "classes": {"AuditLogger": {"executed_lines": [], "summary": {"covered_lines": 0, "num_statements": 8, "percent_covered": 0.0, "percent_covered_display": "0", "missing_lines": 8, "excluded_lines": 0, "percent_statements_covered": 0.0, "percent_statements_covered_display": "0"}, "missing_lines": [124, 125, 134, 139, 144, 154, 163, 173], "excluded_lines": [], "start_line": 118}, "": {"executed_lines": [], "summary": {"covered_lines": 0, "num_statements": 134, "percent_covered": 0.0, "percent_covered_display": "0", "missing_lines": 134, "excluded_lines": 3, "percent_statements_covered": 0.0, "percent_statements_covered_display": "0"}, "missing_lines": [8, 9, 10, 11, 12, 13, 14, 15, 17, 22, 26, 27, 30, 38, 41, 43, 44, 45, 46, 47, 48, 49, 50, 55, 58, 60, 62, 72, 73, 74, 75, 79, 88, 89, 90, 92, 93, 94, 95, 96, 97, 100, 104, 106, 113, 114, 115, 118, 121, 122, 131, 132, 136, 137, 141, 142, 151, 152, 160, 161, 170, 171, 184, 197, 198, 199, 200, 201, 204, 205, 207, 208, 210, 211, 212, 218, 219, 220, 221, 224, 234, 235, 236, 237, 238, 240, 241, 243, 244, 246, 247, 252, 253, 254, 259, 261, 263, 264, 267, 268, 270, 273, 275, 276, 277, 278, 279, 282, 284, 285, 288, 291, 292, 294, 299, 301, 302, 305, 306, 313, 318, 320, 322, 323, 325, 328, 331, 333, 334, 337, 339, 340, 341, 342], "excluded_lines": [80, 185, 225], "start_line": 1}}}, "app/utils/validators.py": {"executed_lines": [], "summary": {"covered_lines": 0, "num_statements": 70, "percent_covered": 0.0, "percent_covered_display": "0", "missing_lines": 70, "excluded_lines": 0, "percent_statements_covered": 0.0, "percent_statements_covered_display": "0"}, "missing_lines": [2, 3, 4, 7, 9, 10, 13, 15, 16, 19, 30, 31, 33, 34, 36, 37, 39, 40, 42, 43, 45, 48, 50, 51, 54, 56, 57, 60, 62, 63, 64, 65, 66, 69, 71, 72, 73, 74, 75, 78, 80, 81, 82, 83, 84, 87, 89, 92, 94, 97, 99, 101, 104, 106, 108, 111, 113, 115, 118, 120, 121, 122, 125, 136, 137, 138, 139, 141, 142, 144], "excluded_lines": [], "functions": {"validate_email_format": {"executed_lines": [], "summary": {"covered_lines": 0, "num_statements": 2, "percent_covered": 0.0, "percent_covered_display": "0", "missing_lines": 2, "excluded_lines": 0, "percent_statements_covered": 0.0, "percent_statements_covered_display": "0"}, "missing_lines": [9, 10], "excluded_lines": [], "start_line": 7}, "validate_phone_number": {"executed_lines": [], "summary": {"covered_lines": 0, "num_statements": 2, "percent_covered": 0.0, "percent_covered_display": "0", "missing_lines": 2, "excluded_lines": 0, "percent_statements_covered": 0.0, "percent_statements_covered_display": "0"}, "missing_lines": [15, 16], "excluded_lines": [], "start_line": 13}, "validate_password_strength": {"executed_lines": [], "summary": {"covered_lines": 0, "num_statements": 11, "percent_covered": 0.0, "percent_covered_display": "0", "missing_lines": 11, "excluded_lines": 0, "percent_statements_covered": 0.0, "percent_statements_covered_display": "0"}, "missing_lines": [30, 31, 33, 34, 36, 37, 39, 40, 42, 43, 45], "excluded_lines": [], "start_line": 19}, "validate_username": {"executed_lines": [], "summary": {"covered_lines": 0, "num_statements": 2, "percent_covered": 0.0, "percent_covered_display": "0", "missing_lines": 2, "excluded_lines": 0, "percent_statements_covered": 0.0, "percent_statements_covered_display": "0"}, "missing_lines": [50, 51], "excluded_lines": [], "start_line": 48}, "validate_url": {"executed_lines": [], "summary": {"covered_lines": 0, "num_statements": 2, "percent_covered": 0.0, "percent_covered_display": "0", "missing_lines": 2, "excluded_lines": 0, "percent_statements_covered": 0.0, "percent_statements_covered_display": "0"}, "missing_lines": [56, 57], "excluded_lines": [], "start_line": 54}, "validate_latitude": {"executed_lines": [], "summary": {"covered_lines": 0, "num_statements": 5, "percent_covered": 0.0, "percent_covered_display": "0", "missing_lines": 5, "excluded_lines": 0, "percent_statements_covered": 0.0, "percent_statements_covered_display": "0"}, "missing_lines": [62, 63, 64, 65, 66], "excluded_lines": [], "start_line": 60}, "validate_longitude": {"executed_lines": [], "summary": {"covered_lines": 0, "num_statements": 5, "percent_covered": 0.0, "percent_covered_display": "0", "missing_lines": 5, "excluded_lines": 0, "percent_statements_covered": 0.0, "percent_statements_covered_display": "0"}, "missing_lines": [71, 72, 73, 74, 75], "excluded_lines": [], "start_line": 69}, "validate_rating": {"executed_lines": [], "summary": {"covered_lines": 0, "num_statements": 5, "percent_covered": 0.0, "percent_covered_display": "0", "missing_lines": 5, "excluded_lines": 0, "percent_statements_covered": 0.0, "percent_statements_covered_display": "0"}, "missing_lines": [80, 81, 82, 83, 84], "excluded_lines": [], "start_line": 78}, "validate_skill_exists": {"executed_lines": [], "summary": {"covered_lines": 0, "num_statements": 1, "percent_covered": 0.0, "percent_covered_display": "0", "missing_lines": 1, "excluded_lines": 0, "percent_statements_covered": 0.0, "percent_statements_covered_display": "0"}, "missing_lines": [89], "excluded_lines": [], "start_line": 87}, "validate_user_exists": {"executed_lines": [], "summary": {"covered_lines": 0, "num_statements": 1, "percent_covered": 0.0, "percent_covered_display": "0", "missing_lines": 1, "excluded_lines": 0, "percent_statements_covered": 0.0, "percent_statements_covered_display": "0"}, "missing_lines": [94], "excluded_lines": [], "start_line": 92}, "validate_job_exists": {"executed_lines": [], "summary": {"covered_lines": 0, "num_statements": 2, "percent_covered": 0.0, "percent_covered_display": "0", "missing_lines": 2, "excluded_lines": 0, "percent_statements_covered": 0.0, "percent_statements_covered_display": "0"}, "missing_lines": [99, 101], "excluded_lines": [], "start_line": 97}, "validate_worker_exists": {"executed_lines": [], "summary": {"covered_lines": 0, "num_statements": 2, "percent_covered": 0.0, "percent_covered_display": "0", "missing_lines": 2, "excluded_lines": 0, "percent_statements_covered": 0.0, "percent_statements_covered_display": "0"}, "missing_lines": [106, 108], "excluded_lines": [], "start_line": 104}, "validate_employer_exists": {"executed_lines": [], "summary": {"covered_lines": 0, "num_statements": 2, "percent_covered": 0.0, "percent_covered_display": "0", "missing_lines": 2, "excluded_lines": 0, "percent_statements_covered": 0.0, "percent_statements_covered_display": "0"}, "missing_lines": [113, 115], "excluded_lines": [], "start_line": 111}, "validate_json_request": {"executed_lines": [], "summary": {"covered_lines": 0, "num_statements": 3, "percent_covered": 0.0, "percent_covered_display": "0", "missing_lines": 3, "excluded_lines": 0, "percent_statements_covered": 0.0, "percent_statements_covered_display": "0"}, "missing_lines": [120, 121, 122], "excluded_lines": [], "start_line": 118}, "validate_required_fields": {"executed_lines": [], "summary": {"covered_lines": 0, "num_statements": 7, "percent_covered": 0.0, "percent_covered_display": "0", "missing_lines": 7, "excluded_lines": 0, "percent_statements_covered": 0.0, "percent_statements_covered_display": "0"}, "missing_lines": [136, 137, 138, 139, 141, 142, 144], "excluded_lines": [], "start_line": 125}, "": {"executed_lines": [], "summary": {"covered_lines": 0, "num_statements": 18, "percent_covered": 0.0, "percent_covered_display": "0", "missing_lines": 18, "excluded_lines": 0, "percent_statements_covered": 0.0, "percent_statements_covered_display": "0"}, "missing_lines": [2, 3, 4, 7, 13, 19, 48, 54, 60, 69, 78, 87, 92, 97, 104, 111, 118, 125], "excluded_lines": [], "start_line": 1}}, "classes": {"": {"executed_lines": [], "summary": {"covered_lines": 0, "num_statements": 70, "percent_covered": 0.0, "percent_covered_display": "0", "missing_lines": 70, "excluded_lines": 0, "percent_statements_covered": 0.0, "percent_statements_covered_display": "0"}, "missing_lines": [2, 3, 4, 7, 9, 10, 13, 15, 16, 19, 30, 31, 33, 34, 36, 37, 39, 40, 42, 43, 45, 48, 50, 51, 54, 56, 57, 60, 62, 63, 64, 65, 66, 69, 71, 72, 73, 74, 75, 78, 80, 81, 82, 83, 84, 87, 89, 92, 94, 97, 99, 101, 104, 106, 108, 111, 113, 115, 118, 120, 121, 122, 125, 136, 137, 138, 139, 141, 142, 144], "excluded_lines": [], "start_line": 1}}}}, "totals": {"covered_lines": 3142, "num_statements": 7686, "percent_covered": 40.87952120739006, "percent_covered_display": "41", "missing_lines": 4544, "excluded_lines": 5, "percent_statements_covered": 40.87952120739006, "percent_statements_covered_display": "41"}}